2022-09-29 19:32:57,523 [Worker-4: Loading available Gradle versions] INFO  o.e.b.c.i.u.g.PublishedGradleVersions - Gradle version information cache is up-to-date. Trying to read.
2022-09-29 19:44:39,312 [Worker-1: Loading available Gradle versions] INFO  o.e.b.c.i.u.g.PublishedGradleVersions - Gradle version information cache is up-to-date. Trying to read.
2022-09-29 19:47:36,993 [Worker-8: Loading available Gradle versions] INFO  o.e.b.c.i.u.g.PublishedGradleVersions - Gradle version information cache is up-to-date. Trying to read.
2022-09-29 19:48:29,249 [Worker-6: Loading available Gradle versions] INFO  o.e.b.c.i.u.g.PublishedGradleVersions - Gradle version information cache is up-to-date. Trying to read.
2022-09-29 19:50:49,295 [Worker-8: Loading available Gradle versions] INFO  o.e.b.c.i.u.g.PublishedGradleVersions - Gradle version information cache is up-to-date. Trying to read.
2022-09-29 19:57:22,556 [Worker-1: Import Getting Started Content] INFO  o.e.m.c.i.l.LifecycleMappingFactory - Using org.eclipse.m2e.jdt.JarLifecycleMapping lifecycle mapping for MavenProject: com.mipresupuesto.personalbudget:PersonalBudget_Api:0.0.1-SNAPSHOT @ C:\Users\zebax\Documents\java\Workspace Java19\PersonalBudget_Api\pom.xml.
2022-09-29 19:57:23,419 [Worker-1: Import Getting Started Content] INFO  o.e.m.j.i.AbstractJavaProjectConfigurator - Adding source folder /PersonalBudget_Api/src/main/java
2022-09-29 19:57:23,420 [Worker-1: Import Getting Started Content] INFO  o.e.m.j.i.AbstractJavaProjectConfigurator - Adding resource folder /PersonalBudget_Api/src/main/resources
2022-09-29 19:57:23,427 [Worker-1: Import Getting Started Content] INFO  o.e.m.j.i.AbstractJavaProjectConfigurator - Adding resource folder /PersonalBudget_Api/src/main/resources
2022-09-29 19:57:23,435 [Worker-1: Import Getting Started Content] INFO  o.e.m.j.i.AbstractJavaProjectConfigurator - Adding source folder /PersonalBudget_Api/src/test/java
2022-09-29 19:57:23,766 [Worker-1: Import Getting Started Content] INFO  o.e.m.c.i.p.ProjectConfigurationManager - Imported and configured 1 project(s) in 2 sec
2022-09-29 19:57:23,769 [Worker-1: Import Getting Started Content] INFO  o.e.m.c.i.p.ProjectConfigurationManager - Update started
2022-09-29 19:57:24,040 [Worker-1: Import Getting Started Content] INFO  o.e.m.c.i.l.LifecycleMappingFactory - Using org.eclipse.m2e.jdt.JarLifecycleMapping lifecycle mapping for MavenProject: com.mipresupuesto.personalbudget:PersonalBudget_Api:0.0.1-SNAPSHOT @ C:\Users\zebax\Documents\java\Workspace Java19\PersonalBudget_Api\pom.xml.
2022-09-29 19:57:24,436 [Worker-1: Import Getting Started Content] INFO  o.e.m.j.i.AbstractJavaProjectConfigurator - Adding source folder /PersonalBudget_Api/src/main/java
2022-09-29 19:57:24,437 [Worker-1: Import Getting Started Content] INFO  o.e.m.j.i.AbstractJavaProjectConfigurator - Adding resource folder /PersonalBudget_Api/src/main/resources
2022-09-29 19:57:24,437 [Worker-1: Import Getting Started Content] INFO  o.e.m.j.i.AbstractJavaProjectConfigurator - Adding resource folder /PersonalBudget_Api/src/main/resources
2022-09-29 19:57:24,438 [Worker-1: Import Getting Started Content] INFO  o.e.m.j.i.AbstractJavaProjectConfigurator - Adding source folder /PersonalBudget_Api/src/test/java
2022-09-29 19:57:24,722 [Worker-1: Import Getting Started Content] INFO  o.e.m.c.i.p.ProjectConfigurationManager - Update completed: 0 sec
2022-09-29 19:57:25,133 [Worker-16: Building] INFO  o.e.m.c.i.embedder.EclipseLogger - Using 'UTF-8' encoding to copy filtered resources.
2022-09-29 19:57:25,134 [Worker-16: Building] INFO  o.e.m.c.i.embedder.EclipseLogger - Using 'UTF-8' encoding to copy filtered properties files.
2022-09-29 19:57:25,139 [Worker-16: Building] INFO  o.e.m.c.i.embedder.EclipseLogger - Copying 1 resource
2022-09-29 19:57:25,159 [Worker-16: Building] INFO  o.e.m.c.i.embedder.EclipseLogger - Copying 0 resource
2022-09-29 19:57:25,163 [Worker-16: Building] INFO  o.e.m.c.i.embedder.EclipseLogger - Using 'UTF-8' encoding to copy filtered resources.
2022-09-29 19:57:25,163 [Worker-16: Building] INFO  o.e.m.c.i.embedder.EclipseLogger - Using 'UTF-8' encoding to copy filtered properties files.
2022-09-29 19:57:25,163 [Worker-16: Building] INFO  o.e.m.c.i.embedder.EclipseLogger - skip non existing resourceDirectory C:\Users\zebax\Documents\java\Workspace Java19\PersonalBudget_Api\src\test\resources
2022-09-29 20:17:58,219 [Worker-24: Enabling Maven Dependency Management] INFO  o.e.m.c.i.e.AbstractTransferListenerAdapter - Downloading https://repo.maven.apache.org/maven2/org/apache/maven/plugins/maven-compiler-plugin/3.8.1/maven-compiler-plugin-3.8.1.jar
2022-09-29 20:17:58,357 [Worker-24: Enabling Maven Dependency Management] INFO  o.e.m.c.i.e.AbstractTransferListenerAdapter - Downloaded https://repo.maven.apache.org/maven2/org/apache/maven/plugins/maven-compiler-plugin/3.8.1/maven-compiler-plugin-3.8.1.jar
2022-09-29 20:17:58,486 [Worker-24: Enabling Maven Dependency Management] INFO  o.e.m.c.i.e.AbstractTransferListenerAdapter - Downloading https://repo.maven.apache.org/maven2/org/apache/maven/plugins/maven-jar-plugin/2.4/maven-jar-plugin-2.4.jar
2022-09-29 20:17:58,637 [Worker-24: Enabling Maven Dependency Management] INFO  o.e.m.c.i.e.AbstractTransferListenerAdapter - Downloaded https://repo.maven.apache.org/maven2/org/apache/maven/plugins/maven-jar-plugin/2.4/maven-jar-plugin-2.4.jar
2022-09-29 20:17:58,939 [Worker-24: Enabling Maven Dependency Management] INFO  o.e.m.c.i.e.AbstractTransferListenerAdapter - Downloading https://repo.maven.apache.org/maven2/org/codehaus/plexus/plexus-component-annotations/1.7.1/plexus-component-annotations-1.7.1.pom
2022-09-29 20:17:59,009 [Worker-24: Enabling Maven Dependency Management] INFO  o.e.m.c.i.e.AbstractTransferListenerAdapter - Downloaded https://repo.maven.apache.org/maven2/org/codehaus/plexus/plexus-component-annotations/1.7.1/plexus-component-annotations-1.7.1.pom
2022-09-29 20:17:59,075 [Worker-24: Enabling Maven Dependency Management] INFO  o.e.m.c.i.e.AbstractTransferListenerAdapter - Downloading https://repo.maven.apache.org/maven2/org/codehaus/plexus/plexus-containers/1.7.1/plexus-containers-1.7.1.pom
2022-09-29 20:17:59,146 [Worker-24: Enabling Maven Dependency Management] INFO  o.e.m.c.i.e.AbstractTransferListenerAdapter - Downloaded https://repo.maven.apache.org/maven2/org/codehaus/plexus/plexus-containers/1.7.1/plexus-containers-1.7.1.pom
2022-09-29 20:17:59,243 [Worker-24: Enabling Maven Dependency Management] INFO  o.e.m.c.i.e.AbstractTransferListenerAdapter - Downloading https://repo.maven.apache.org/maven2/org/apache/maven/shared/maven-shared-utils/3.2.1/maven-shared-utils-3.2.1.pom
2022-09-29 20:17:59,316 [Worker-24: Enabling Maven Dependency Management] INFO  o.e.m.c.i.e.AbstractTransferListenerAdapter - Downloaded https://repo.maven.apache.org/maven2/org/apache/maven/shared/maven-shared-utils/3.2.1/maven-shared-utils-3.2.1.pom
2022-09-29 20:17:59,385 [Worker-24: Enabling Maven Dependency Management] INFO  o.e.m.c.i.e.AbstractTransferListenerAdapter - Downloading https://repo.maven.apache.org/maven2/org/apache/maven/shared/maven-shared-components/30/maven-shared-components-30.pom
2022-09-29 20:17:59,465 [Worker-24: Enabling Maven Dependency Management] INFO  o.e.m.c.i.e.AbstractTransferListenerAdapter - Downloaded https://repo.maven.apache.org/maven2/org/apache/maven/shared/maven-shared-components/30/maven-shared-components-30.pom
2022-09-29 20:17:59,526 [Worker-24: Enabling Maven Dependency Management] INFO  o.e.m.c.i.e.AbstractTransferListenerAdapter - Downloading https://repo.maven.apache.org/maven2/org/apache/maven/maven-parent/30/maven-parent-30.pom
2022-09-29 20:17:59,612 [Worker-24: Enabling Maven Dependency Management] INFO  o.e.m.c.i.e.AbstractTransferListenerAdapter - Downloaded https://repo.maven.apache.org/maven2/org/apache/maven/maven-parent/30/maven-parent-30.pom
2022-09-29 20:17:59,687 [Worker-24: Enabling Maven Dependency Management] INFO  o.e.m.c.i.e.AbstractTransferListenerAdapter - Downloading https://repo.maven.apache.org/maven2/commons-io/commons-io/2.5/commons-io-2.5.pom
2022-09-29 20:17:59,765 [Worker-24: Enabling Maven Dependency Management] INFO  o.e.m.c.i.e.AbstractTransferListenerAdapter - Downloaded https://repo.maven.apache.org/maven2/commons-io/commons-io/2.5/commons-io-2.5.pom
2022-09-29 20:17:59,840 [Worker-24: Enabling Maven Dependency Management] INFO  o.e.m.c.i.e.AbstractTransferListenerAdapter - Downloading https://repo.maven.apache.org/maven2/org/apache/commons/commons-parent/39/commons-parent-39.pom
2022-09-29 20:17:59,930 [Worker-24: Enabling Maven Dependency Management] INFO  o.e.m.c.i.e.AbstractTransferListenerAdapter - Downloaded https://repo.maven.apache.org/maven2/org/apache/commons/commons-parent/39/commons-parent-39.pom
2022-09-29 20:18:00,308 [Worker-24: Enabling Maven Dependency Management] INFO  o.e.m.c.i.e.AbstractTransferListenerAdapter - Downloading https://repo.maven.apache.org/maven2/org/codehaus/plexus/plexus-java/0.9.10/plexus-java-0.9.10.pom
2022-09-29 20:18:00,384 [Worker-24: Enabling Maven Dependency Management] INFO  o.e.m.c.i.e.AbstractTransferListenerAdapter - Downloaded https://repo.maven.apache.org/maven2/org/codehaus/plexus/plexus-java/0.9.10/plexus-java-0.9.10.pom
2022-09-29 20:18:00,455 [Worker-24: Enabling Maven Dependency Management] INFO  o.e.m.c.i.e.AbstractTransferListenerAdapter - Downloading https://repo.maven.apache.org/maven2/org/codehaus/plexus/plexus-languages/0.9.10/plexus-languages-0.9.10.pom
2022-09-29 20:18:00,549 [Worker-24: Enabling Maven Dependency Management] INFO  o.e.m.c.i.e.AbstractTransferListenerAdapter - Downloaded https://repo.maven.apache.org/maven2/org/codehaus/plexus/plexus-languages/0.9.10/plexus-languages-0.9.10.pom
2022-09-29 20:18:00,620 [Worker-24: Enabling Maven Dependency Management] INFO  o.e.m.c.i.e.AbstractTransferListenerAdapter - Downloading https://repo.maven.apache.org/maven2/org/ow2/asm/asm/6.2/asm-6.2.pom
2022-09-29 20:18:00,724 [Worker-24: Enabling Maven Dependency Management] INFO  o.e.m.c.i.e.AbstractTransferListenerAdapter - Downloaded https://repo.maven.apache.org/maven2/org/ow2/asm/asm/6.2/asm-6.2.pom
2022-09-29 20:18:00,811 [Worker-24: Enabling Maven Dependency Management] INFO  o.e.m.c.i.e.AbstractTransferListenerAdapter - Downloading https://repo.maven.apache.org/maven2/com/thoughtworks/qdox/qdox/2.0-M9/qdox-2.0-M9.pom
2022-09-29 20:18:00,909 [Worker-24: Enabling Maven Dependency Management] INFO  o.e.m.c.i.e.AbstractTransferListenerAdapter - Downloaded https://repo.maven.apache.org/maven2/com/thoughtworks/qdox/qdox/2.0-M9/qdox-2.0-M9.pom
2022-09-29 20:18:00,988 [Worker-24: Enabling Maven Dependency Management] INFO  o.e.m.c.i.e.AbstractTransferListenerAdapter - Downloading https://repo.maven.apache.org/maven2/org/codehaus/plexus/plexus-compiler-api/2.8.4/plexus-compiler-api-2.8.4.pom
2022-09-29 20:18:01,076 [Worker-24: Enabling Maven Dependency Management] INFO  o.e.m.c.i.e.AbstractTransferListenerAdapter - Downloaded https://repo.maven.apache.org/maven2/org/codehaus/plexus/plexus-compiler-api/2.8.4/plexus-compiler-api-2.8.4.pom
2022-09-29 20:18:01,149 [Worker-24: Enabling Maven Dependency Management] INFO  o.e.m.c.i.e.AbstractTransferListenerAdapter - Downloading https://repo.maven.apache.org/maven2/org/codehaus/plexus/plexus-compiler/2.8.4/plexus-compiler-2.8.4.pom
2022-09-29 20:18:01,230 [Worker-24: Enabling Maven Dependency Management] INFO  o.e.m.c.i.e.AbstractTransferListenerAdapter - Downloaded https://repo.maven.apache.org/maven2/org/codehaus/plexus/plexus-compiler/2.8.4/plexus-compiler-2.8.4.pom
2022-09-29 20:18:01,323 [Worker-24: Enabling Maven Dependency Management] INFO  o.e.m.c.i.e.AbstractTransferListenerAdapter - Downloading https://repo.maven.apache.org/maven2/org/codehaus/plexus/plexus-compiler-manager/2.8.4/plexus-compiler-manager-2.8.4.pom
2022-09-29 20:18:01,405 [Worker-24: Enabling Maven Dependency Management] INFO  o.e.m.c.i.e.AbstractTransferListenerAdapter - Downloaded https://repo.maven.apache.org/maven2/org/codehaus/plexus/plexus-compiler-manager/2.8.4/plexus-compiler-manager-2.8.4.pom
2022-09-29 20:18:01,484 [Worker-24: Enabling Maven Dependency Management] INFO  o.e.m.c.i.e.AbstractTransferListenerAdapter - Downloading https://repo.maven.apache.org/maven2/org/codehaus/plexus/plexus-compiler-javac/2.8.4/plexus-compiler-javac-2.8.4.pom
2022-09-29 20:18:01,564 [Worker-24: Enabling Maven Dependency Management] INFO  o.e.m.c.i.e.AbstractTransferListenerAdapter - Downloaded https://repo.maven.apache.org/maven2/org/codehaus/plexus/plexus-compiler-javac/2.8.4/plexus-compiler-javac-2.8.4.pom
2022-09-29 20:18:01,659 [Worker-24: Enabling Maven Dependency Management] INFO  o.e.m.c.i.e.AbstractTransferListenerAdapter - Downloading https://repo.maven.apache.org/maven2/org/codehaus/plexus/plexus-compilers/2.8.4/plexus-compilers-2.8.4.pom
2022-09-29 20:18:01,738 [Worker-24: Enabling Maven Dependency Management] INFO  o.e.m.c.i.e.AbstractTransferListenerAdapter - Downloaded https://repo.maven.apache.org/maven2/org/codehaus/plexus/plexus-compilers/2.8.4/plexus-compilers-2.8.4.pom
2022-09-29 20:18:01,848 [AetherRepositoryConnector-repo.maven.apache.org-0-1] INFO  o.e.m.c.i.e.AbstractTransferListenerAdapter - Downloading https://repo.maven.apache.org/maven2/org/apache/maven/shared/maven-shared-utils/3.2.1/maven-shared-utils-3.2.1.jar
2022-09-29 20:18:01,938 [AetherRepositoryConnector-repo.maven.apache.org-0-0] INFO  o.e.m.c.i.e.AbstractTransferListenerAdapter - Downloading https://repo.maven.apache.org/maven2/org/codehaus/plexus/plexus-component-annotations/1.7.1/plexus-component-annotations-1.7.1.jar
2022-09-29 20:18:01,938 [AetherRepositoryConnector-repo.maven.apache.org-0-2] INFO  o.e.m.c.i.e.AbstractTransferListenerAdapter - Downloading https://repo.maven.apache.org/maven2/commons-io/commons-io/2.5/commons-io-2.5.jar
2022-09-29 20:18:01,938 [AetherRepositoryConnector-repo.maven.apache.org-0-4] INFO  o.e.m.c.i.e.AbstractTransferListenerAdapter - Downloading https://repo.maven.apache.org/maven2/org/ow2/asm/asm/6.2/asm-6.2.jar
2022-09-29 20:18:01,938 [AetherRepositoryConnector-repo.maven.apache.org-0-3] INFO  o.e.m.c.i.e.AbstractTransferListenerAdapter - Downloading https://repo.maven.apache.org/maven2/org/codehaus/plexus/plexus-java/0.9.10/plexus-java-0.9.10.jar
2022-09-29 20:18:02,096 [AetherRepositoryConnector-repo.maven.apache.org-0-1] INFO  o.e.m.c.i.e.AbstractTransferListenerAdapter - Downloaded https://repo.maven.apache.org/maven2/org/apache/maven/shared/maven-shared-utils/3.2.1/maven-shared-utils-3.2.1.jar
2022-09-29 20:18:02,096 [AetherRepositoryConnector-repo.maven.apache.org-0-0] INFO  o.e.m.c.i.e.AbstractTransferListenerAdapter - Downloaded https://repo.maven.apache.org/maven2/org/codehaus/plexus/plexus-component-annotations/1.7.1/plexus-component-annotations-1.7.1.jar
2022-09-29 20:18:02,133 [AetherRepositoryConnector-repo.maven.apache.org-0-4] INFO  o.e.m.c.i.e.AbstractTransferListenerAdapter - Downloaded https://repo.maven.apache.org/maven2/org/ow2/asm/asm/6.2/asm-6.2.jar
2022-09-29 20:18:02,206 [AetherRepositoryConnector-repo.maven.apache.org-0-0] INFO  o.e.m.c.i.e.AbstractTransferListenerAdapter - Downloading https://repo.maven.apache.org/maven2/org/codehaus/plexus/plexus-compiler-api/2.8.4/plexus-compiler-api-2.8.4.jar
2022-09-29 20:18:02,207 [AetherRepositoryConnector-repo.maven.apache.org-0-3] INFO  o.e.m.c.i.e.AbstractTransferListenerAdapter - Downloaded https://repo.maven.apache.org/maven2/org/codehaus/plexus/plexus-java/0.9.10/plexus-java-0.9.10.jar
2022-09-29 20:18:02,208 [AetherRepositoryConnector-repo.maven.apache.org-0-1] INFO  o.e.m.c.i.e.AbstractTransferListenerAdapter - Downloading https://repo.maven.apache.org/maven2/com/thoughtworks/qdox/qdox/2.0-M9/qdox-2.0-M9.jar
2022-09-29 20:18:02,214 [AetherRepositoryConnector-repo.maven.apache.org-0-2] INFO  o.e.m.c.i.e.AbstractTransferListenerAdapter - Downloaded https://repo.maven.apache.org/maven2/commons-io/commons-io/2.5/commons-io-2.5.jar
2022-09-29 20:18:02,341 [AetherRepositoryConnector-repo.maven.apache.org-0-4] INFO  o.e.m.c.i.e.AbstractTransferListenerAdapter - Downloading https://repo.maven.apache.org/maven2/org/codehaus/plexus/plexus-compiler-manager/2.8.4/plexus-compiler-manager-2.8.4.jar
2022-09-29 20:18:02,341 [AetherRepositoryConnector-repo.maven.apache.org-0-3] INFO  o.e.m.c.i.e.AbstractTransferListenerAdapter - Downloading https://repo.maven.apache.org/maven2/org/codehaus/plexus/plexus-compiler-javac/2.8.4/plexus-compiler-javac-2.8.4.jar
2022-09-29 20:18:02,350 [AetherRepositoryConnector-repo.maven.apache.org-0-0] INFO  o.e.m.c.i.e.AbstractTransferListenerAdapter - Downloaded https://repo.maven.apache.org/maven2/org/codehaus/plexus/plexus-compiler-api/2.8.4/plexus-compiler-api-2.8.4.jar
2022-09-29 20:18:02,420 [AetherRepositoryConnector-repo.maven.apache.org-0-1] INFO  o.e.m.c.i.e.AbstractTransferListenerAdapter - Downloaded https://repo.maven.apache.org/maven2/com/thoughtworks/qdox/qdox/2.0-M9/qdox-2.0-M9.jar
2022-09-29 20:18:02,486 [AetherRepositoryConnector-repo.maven.apache.org-0-4] INFO  o.e.m.c.i.e.AbstractTransferListenerAdapter - Downloaded https://repo.maven.apache.org/maven2/org/codehaus/plexus/plexus-compiler-manager/2.8.4/plexus-compiler-manager-2.8.4.jar
2022-09-29 20:18:02,488 [AetherRepositoryConnector-repo.maven.apache.org-0-3] INFO  o.e.m.c.i.e.AbstractTransferListenerAdapter - Downloaded https://repo.maven.apache.org/maven2/org/codehaus/plexus/plexus-compiler-javac/2.8.4/plexus-compiler-javac-2.8.4.jar
2022-09-29 20:18:02,756 [Worker-24: Enabling Maven Dependency Management] INFO  o.e.m.c.i.l.LifecycleMappingFactory - Using org.eclipse.m2e.jdt.JarLifecycleMapping lifecycle mapping for MavenProject: com.mipresupuesto.personalbudget:PersonalBudgetInfrastructure:0.0.1-SNAPSHOT @ C:\Users\zebax\Documents\java\Workspace Java19\PersonalBudgetInfrastructure\pom.xml.
2022-09-29 20:18:02,853 [Worker-24: Enabling Maven Dependency Management] INFO  o.e.m.c.i.e.AbstractTransferListenerAdapter - Downloading https://repo.maven.apache.org/maven2/org/apache/maven/plugins/maven-jar-plugin/2.4/maven-jar-plugin-2.4.pom
2022-09-29 20:18:02,922 [Worker-24: Enabling Maven Dependency Management] INFO  o.e.m.c.i.e.AbstractTransferListenerAdapter - Downloaded https://repo.maven.apache.org/maven2/org/apache/maven/plugins/maven-jar-plugin/2.4/maven-jar-plugin-2.4.pom
2022-09-29 20:18:02,982 [Worker-24: Enabling Maven Dependency Management] INFO  o.e.m.c.i.e.AbstractTransferListenerAdapter - Downloading https://repo.maven.apache.org/maven2/org/apache/maven/plugins/maven-plugins/22/maven-plugins-22.pom
2022-09-29 20:18:03,051 [Worker-24: Enabling Maven Dependency Management] INFO  o.e.m.c.i.e.AbstractTransferListenerAdapter - Downloaded https://repo.maven.apache.org/maven2/org/apache/maven/plugins/maven-plugins/22/maven-plugins-22.pom
2022-09-29 20:18:03,355 [Worker-24: Enabling Maven Dependency Management] INFO  o.e.m.c.i.e.AbstractTransferListenerAdapter - Downloading https://repo.maven.apache.org/maven2/org/apache/maven/maven-archiver/2.5/maven-archiver-2.5.pom
2022-09-29 20:18:03,430 [Worker-24: Enabling Maven Dependency Management] INFO  o.e.m.c.i.e.AbstractTransferListenerAdapter - Downloaded https://repo.maven.apache.org/maven2/org/apache/maven/maven-archiver/2.5/maven-archiver-2.5.pom
2022-09-29 20:18:03,635 [Worker-24: Enabling Maven Dependency Management] INFO  o.e.m.c.i.e.AbstractTransferListenerAdapter - Downloading https://repo.maven.apache.org/maven2/org/codehaus/plexus/plexus-archiver/2.1/plexus-archiver-2.1.pom
2022-09-29 20:18:03,703 [Worker-24: Enabling Maven Dependency Management] INFO  o.e.m.c.i.e.AbstractTransferListenerAdapter - Downloaded https://repo.maven.apache.org/maven2/org/codehaus/plexus/plexus-archiver/2.1/plexus-archiver-2.1.pom
2022-09-29 20:18:03,765 [Worker-24: Enabling Maven Dependency Management] INFO  o.e.m.c.i.e.AbstractTransferListenerAdapter - Downloading https://repo.maven.apache.org/maven2/org/codehaus/plexus/plexus-utils/3.0/plexus-utils-3.0.pom
2022-09-29 20:18:03,830 [Worker-24: Enabling Maven Dependency Management] INFO  o.e.m.c.i.e.AbstractTransferListenerAdapter - Downloaded https://repo.maven.apache.org/maven2/org/codehaus/plexus/plexus-utils/3.0/plexus-utils-3.0.pom
2022-09-29 20:18:03,900 [Worker-24: Enabling Maven Dependency Management] INFO  o.e.m.c.i.e.AbstractTransferListenerAdapter - Downloading https://repo.maven.apache.org/maven2/org/codehaus/plexus/plexus-io/2.0.2/plexus-io-2.0.2.pom
2022-09-29 20:18:03,979 [Worker-24: Enabling Maven Dependency Management] INFO  o.e.m.c.i.e.AbstractTransferListenerAdapter - Downloaded https://repo.maven.apache.org/maven2/org/codehaus/plexus/plexus-io/2.0.2/plexus-io-2.0.2.pom
2022-09-29 20:18:04,048 [Worker-24: Enabling Maven Dependency Management] INFO  o.e.m.c.i.e.AbstractTransferListenerAdapter - Downloading https://repo.maven.apache.org/maven2/org/codehaus/plexus/plexus-components/1.1.19/plexus-components-1.1.19.pom
2022-09-29 20:18:04,124 [Worker-24: Enabling Maven Dependency Management] INFO  o.e.m.c.i.e.AbstractTransferListenerAdapter - Downloaded https://repo.maven.apache.org/maven2/org/codehaus/plexus/plexus-components/1.1.19/plexus-components-1.1.19.pom
2022-09-29 20:18:04,208 [Worker-24: Enabling Maven Dependency Management] INFO  o.e.m.c.i.e.AbstractTransferListenerAdapter - Downloading https://repo.maven.apache.org/maven2/commons-lang/commons-lang/2.1/commons-lang-2.1.pom
2022-09-29 20:18:04,288 [Worker-24: Enabling Maven Dependency Management] INFO  o.e.m.c.i.e.AbstractTransferListenerAdapter - Downloaded https://repo.maven.apache.org/maven2/commons-lang/commons-lang/2.1/commons-lang-2.1.pom
2022-09-29 20:18:04,370 [AetherRepositoryConnector-repo.maven.apache.org-1-0] INFO  o.e.m.c.i.e.AbstractTransferListenerAdapter - Downloading https://repo.maven.apache.org/maven2/classworlds/classworlds/1.1-alpha-2/classworlds-1.1-alpha-2.jar
2022-09-29 20:18:04,460 [AetherRepositoryConnector-repo.maven.apache.org-1-2] INFO  o.e.m.c.i.e.AbstractTransferListenerAdapter - Downloading https://repo.maven.apache.org/maven2/org/codehaus/plexus/plexus-interpolation/1.15/plexus-interpolation-1.15.jar
2022-09-29 20:18:04,460 [AetherRepositoryConnector-repo.maven.apache.org-1-4] INFO  o.e.m.c.i.e.AbstractTransferListenerAdapter - Downloading https://repo.maven.apache.org/maven2/org/codehaus/plexus/plexus-io/2.0.2/plexus-io-2.0.2.jar
2022-09-29 20:18:04,468 [AetherRepositoryConnector-repo.maven.apache.org-1-1] INFO  o.e.m.c.i.e.AbstractTransferListenerAdapter - Downloading https://repo.maven.apache.org/maven2/org/apache/maven/maven-archiver/2.5/maven-archiver-2.5.jar
2022-09-29 20:18:04,468 [AetherRepositoryConnector-repo.maven.apache.org-1-3] INFO  o.e.m.c.i.e.AbstractTransferListenerAdapter - Downloading https://repo.maven.apache.org/maven2/org/codehaus/plexus/plexus-archiver/2.1/plexus-archiver-2.1.jar
2022-09-29 20:18:04,567 [AetherRepositoryConnector-repo.maven.apache.org-1-0] INFO  o.e.m.c.i.e.AbstractTransferListenerAdapter - Downloaded https://repo.maven.apache.org/maven2/classworlds/classworlds/1.1-alpha-2/classworlds-1.1-alpha-2.jar
2022-09-29 20:18:04,584 [AetherRepositoryConnector-repo.maven.apache.org-1-4] INFO  o.e.m.c.i.e.AbstractTransferListenerAdapter - Downloaded https://repo.maven.apache.org/maven2/org/codehaus/plexus/plexus-io/2.0.2/plexus-io-2.0.2.jar
2022-09-29 20:18:04,585 [AetherRepositoryConnector-repo.maven.apache.org-1-2] INFO  o.e.m.c.i.e.AbstractTransferListenerAdapter - Downloaded https://repo.maven.apache.org/maven2/org/codehaus/plexus/plexus-interpolation/1.15/plexus-interpolation-1.15.jar
2022-09-29 20:18:04,630 [AetherRepositoryConnector-repo.maven.apache.org-1-1] INFO  o.e.m.c.i.e.AbstractTransferListenerAdapter - Downloaded https://repo.maven.apache.org/maven2/org/apache/maven/maven-archiver/2.5/maven-archiver-2.5.jar
2022-09-29 20:18:04,648 [AetherRepositoryConnector-repo.maven.apache.org-1-3] INFO  o.e.m.c.i.e.AbstractTransferListenerAdapter - Downloaded https://repo.maven.apache.org/maven2/org/codehaus/plexus/plexus-archiver/2.1/plexus-archiver-2.1.jar
2022-09-29 20:18:04,654 [AetherRepositoryConnector-repo.maven.apache.org-1-0] INFO  o.e.m.c.i.e.AbstractTransferListenerAdapter - Downloading https://repo.maven.apache.org/maven2/commons-lang/commons-lang/2.1/commons-lang-2.1.jar
2022-09-29 20:18:04,714 [AetherRepositoryConnector-repo.maven.apache.org-1-4] INFO  o.e.m.c.i.e.AbstractTransferListenerAdapter - Downloading https://repo.maven.apache.org/maven2/org/codehaus/plexus/plexus-utils/3.0/plexus-utils-3.0.jar
2022-09-29 20:18:04,781 [AetherRepositoryConnector-repo.maven.apache.org-1-0] INFO  o.e.m.c.i.e.AbstractTransferListenerAdapter - Downloaded https://repo.maven.apache.org/maven2/commons-lang/commons-lang/2.1/commons-lang-2.1.jar
2022-09-29 20:18:04,861 [AetherRepositoryConnector-repo.maven.apache.org-1-4] INFO  o.e.m.c.i.e.AbstractTransferListenerAdapter - Downloaded https://repo.maven.apache.org/maven2/org/codehaus/plexus/plexus-utils/3.0/plexus-utils-3.0.jar
2022-09-29 20:18:05,407 [Worker-20: Building] WARN  o.e.m.c.i.embedder.EclipseLogger - Using platform encoding (Cp1252 actually) to copy filtered resources, i.e. build is platform dependent!
2022-09-29 20:18:05,409 [Worker-20: Building] INFO  o.e.m.c.i.embedder.EclipseLogger - skip non existing resourceDirectory C:\Users\zebax\Documents\java\Workspace Java19\PersonalBudgetInfrastructure\src\main\resources
2022-09-29 20:18:05,413 [Worker-20: Building] WARN  o.e.m.c.i.embedder.EclipseLogger - Using platform encoding (Cp1252 actually) to copy filtered resources, i.e. build is platform dependent!
2022-09-29 20:18:05,414 [Worker-20: Building] INFO  o.e.m.c.i.embedder.EclipseLogger - skip non existing resourceDirectory C:\Users\zebax\Documents\java\Workspace Java19\PersonalBudgetInfrastructure\src\test\resources
2022-09-29 20:18:05,550 [Worker-24: Enabling Maven Dependency Management] INFO  o.e.m.j.i.AbstractJavaProjectConfigurator - Adding source folder /PersonalBudgetInfrastructure/src
2022-09-29 20:18:05,550 [Worker-24: Enabling Maven Dependency Management] INFO  o.e.m.j.i.AbstractJavaProjectConfigurator - Not adding source folder /PersonalBudgetInfrastructure/src/test/java because it overlaps with /PersonalBudgetInfrastructure/src
2022-09-29 20:18:05,794 [Worker-31: Building] WARN  o.e.m.c.i.embedder.EclipseLogger - Using platform encoding (Cp1252 actually) to copy filtered resources, i.e. build is platform dependent!
2022-09-29 20:18:05,795 [Worker-31: Building] INFO  o.e.m.c.i.embedder.EclipseLogger - skip non existing resourceDirectory C:\Users\zebax\Documents\java\Workspace Java19\PersonalBudgetInfrastructure\src\main\resources
2022-09-29 20:18:05,811 [Worker-31: Building] WARN  o.e.m.c.i.embedder.EclipseLogger - Using platform encoding (Cp1252 actually) to copy filtered resources, i.e. build is platform dependent!
2022-09-29 20:18:05,813 [Worker-31: Building] INFO  o.e.m.c.i.embedder.EclipseLogger - skip non existing resourceDirectory C:\Users\zebax\Documents\java\Workspace Java19\PersonalBudgetInfrastructure\src\test\resources
2022-09-29 20:18:05,849 [Worker-24: Enabling Maven Dependency Management] INFO  o.e.m.c.i.p.ProjectConfigurationManager - Update started
2022-09-29 20:18:06,102 [Worker-24: Enabling Maven Dependency Management] INFO  o.e.m.c.i.l.LifecycleMappingFactory - Using org.eclipse.m2e.jdt.JarLifecycleMapping lifecycle mapping for MavenProject: com.mipresupuesto.personalbudget:PersonalBudgetInfrastructure:0.0.1-SNAPSHOT @ C:\Users\zebax\Documents\java\Workspace Java19\PersonalBudgetInfrastructure\pom.xml.
2022-09-29 20:18:06,227 [Worker-24: Enabling Maven Dependency Management] INFO  o.e.m.j.i.AbstractJavaProjectConfigurator - Adding source folder /PersonalBudgetInfrastructure/src
2022-09-29 20:18:06,228 [Worker-24: Enabling Maven Dependency Management] INFO  o.e.m.j.i.AbstractJavaProjectConfigurator - Not adding source folder /PersonalBudgetInfrastructure/src/test/java because it overlaps with /PersonalBudgetInfrastructure/src
2022-09-29 20:18:06,310 [Worker-24: Enabling Maven Dependency Management] INFO  o.e.m.c.i.p.ProjectConfigurationManager - Update completed: 0 sec
2022-09-29 20:18:06,896 [Worker-24: Building] WARN  o.e.m.c.i.embedder.EclipseLogger - Using platform encoding (Cp1252 actually) to copy filtered resources, i.e. build is platform dependent!
2022-09-29 20:18:06,897 [Worker-24: Building] INFO  o.e.m.c.i.embedder.EclipseLogger - skip non existing resourceDirectory C:\Users\zebax\Documents\java\Workspace Java19\PersonalBudgetInfrastructure\src\main\resources
2022-09-29 20:18:06,899 [Worker-24: Building] WARN  o.e.m.c.i.embedder.EclipseLogger - Using platform encoding (Cp1252 actually) to copy filtered resources, i.e. build is platform dependent!
2022-09-29 20:18:06,900 [Worker-24: Building] INFO  o.e.m.c.i.embedder.EclipseLogger - skip non existing resourceDirectory C:\Users\zebax\Documents\java\Workspace Java19\PersonalBudgetInfrastructure\src\test\resources
2022-09-29 20:20:20,565 [Worker-20: Enabling Maven Dependency Management] INFO  o.e.m.c.i.l.LifecycleMappingFactory - Using org.eclipse.m2e.jdt.JarLifecycleMapping lifecycle mapping for MavenProject: com.mipresupuesto.personalbudget:PersonalBudgetApplication:0.0.1-SNAPSHOT @ C:\Users\zebax\Documents\java\Workspace Java19\PersonalBudgetApplication\pom.xml.
2022-09-29 20:20:20,818 [Worker-20: Enabling Maven Dependency Management] INFO  o.e.m.j.i.AbstractJavaProjectConfigurator - Adding source folder /PersonalBudgetApplication/src
2022-09-29 20:20:20,818 [Worker-20: Enabling Maven Dependency Management] INFO  o.e.m.j.i.AbstractJavaProjectConfigurator - Not adding source folder /PersonalBudgetApplication/src/test/java because it overlaps with /PersonalBudgetApplication/src
2022-09-29 20:20:20,954 [Worker-20: Enabling Maven Dependency Management] INFO  o.e.m.c.i.p.ProjectConfigurationManager - Update started
2022-09-29 20:20:20,998 [Worker-20: Enabling Maven Dependency Management] INFO  o.e.m.c.i.l.LifecycleMappingFactory - Using org.eclipse.m2e.jdt.JarLifecycleMapping lifecycle mapping for MavenProject: com.mipresupuesto.personalbudget:PersonalBudgetApplication:0.0.1-SNAPSHOT @ C:\Users\zebax\Documents\java\Workspace Java19\PersonalBudgetApplication\pom.xml.
2022-09-29 20:20:21,053 [Worker-20: Enabling Maven Dependency Management] INFO  o.e.m.j.i.AbstractJavaProjectConfigurator - Adding source folder /PersonalBudgetApplication/src
2022-09-29 20:20:21,053 [Worker-20: Enabling Maven Dependency Management] INFO  o.e.m.j.i.AbstractJavaProjectConfigurator - Not adding source folder /PersonalBudgetApplication/src/test/java because it overlaps with /PersonalBudgetApplication/src
2022-09-29 20:20:21,145 [Worker-20: Enabling Maven Dependency Management] INFO  o.e.m.c.i.p.ProjectConfigurationManager - Update completed: 0 sec
2022-09-29 20:20:21,296 [Worker-33: Building] WARN  o.e.m.c.i.embedder.EclipseLogger - Using platform encoding (Cp1252 actually) to copy filtered resources, i.e. build is platform dependent!
2022-09-29 20:20:21,296 [Worker-33: Building] INFO  o.e.m.c.i.embedder.EclipseLogger - skip non existing resourceDirectory C:\Users\zebax\Documents\java\Workspace Java19\PersonalBudgetApplication\src\main\resources
2022-09-29 20:20:21,298 [Worker-33: Building] WARN  o.e.m.c.i.embedder.EclipseLogger - Using platform encoding (Cp1252 actually) to copy filtered resources, i.e. build is platform dependent!
2022-09-29 20:20:21,298 [Worker-33: Building] INFO  o.e.m.c.i.embedder.EclipseLogger - skip non existing resourceDirectory C:\Users\zebax\Documents\java\Workspace Java19\PersonalBudgetApplication\src\test\resources
2022-09-29 20:20:40,190 [Worker-34: Building] INFO  o.e.m.c.i.l.LifecycleMappingFactory - Using org.eclipse.m2e.jdt.JarLifecycleMapping lifecycle mapping for MavenProject: com.mipresupuesto.personalbudget:PersonalBudgetApplication:0.0.1-SNAPSHOT @ C:\Users\zebax\Documents\java\Workspace Java19\PersonalBudgetApplication\pom.xml.
2022-09-29 20:20:40,227 [Worker-34: Building] WARN  o.e.m.c.i.embedder.EclipseLogger - Using platform encoding (Cp1252 actually) to copy filtered resources, i.e. build is platform dependent!
2022-09-29 20:20:40,229 [Worker-34: Building] INFO  o.e.m.c.i.embedder.EclipseLogger - skip non existing resourceDirectory C:\Users\zebax\Documents\java\Workspace Java19\PersonalBudgetApplication\src\main\resources
2022-09-29 20:20:40,234 [Worker-34: Building] WARN  o.e.m.c.i.embedder.EclipseLogger - Using platform encoding (Cp1252 actually) to copy filtered resources, i.e. build is platform dependent!
2022-09-29 20:20:40,235 [Worker-34: Building] INFO  o.e.m.c.i.embedder.EclipseLogger - skip non existing resourceDirectory C:\Users\zebax\Documents\java\Workspace Java19\PersonalBudgetApplication\src\test\resources
2022-09-29 20:20:47,989 [Worker-28: Building] INFO  o.e.m.c.i.l.LifecycleMappingFactory - Using org.eclipse.m2e.jdt.JarLifecycleMapping lifecycle mapping for MavenProject: com.mipresupuesto.personalbudget:PersonalBudgetApplication:0.0.1-SNAPSHOT @ C:\Users\zebax\Documents\java\Workspace Java19\PersonalBudgetApplication\pom.xml.
2022-09-29 20:20:48,015 [Worker-28: Building] WARN  o.e.m.c.i.embedder.EclipseLogger - Using platform encoding (Cp1252 actually) to copy filtered resources, i.e. build is platform dependent!
2022-09-29 20:20:48,016 [Worker-28: Building] INFO  o.e.m.c.i.embedder.EclipseLogger - skip non existing resourceDirectory C:\Users\zebax\Documents\java\Workspace Java19\PersonalBudgetApplication\src\main\resources
2022-09-29 20:20:48,019 [Worker-28: Building] WARN  o.e.m.c.i.embedder.EclipseLogger - Using platform encoding (Cp1252 actually) to copy filtered resources, i.e. build is platform dependent!
2022-09-29 20:20:48,020 [Worker-28: Building] INFO  o.e.m.c.i.embedder.EclipseLogger - skip non existing resourceDirectory C:\Users\zebax\Documents\java\Workspace Java19\PersonalBudgetApplication\src\test\resources
2022-09-29 20:23:34,669 [Worker-36: Enabling Maven Dependency Management] INFO  o.e.m.c.i.l.LifecycleMappingFactory - Using org.eclipse.m2e.jdt.JarLifecycleMapping lifecycle mapping for MavenProject: com.mipresupuesto.personalbudget:PersonalBudgetDomain:0.0.1-SNAPSHOT @ C:\Users\zebax\Documents\java\Workspace Java19\PersonalBudgetDomain\pom.xml.
2022-09-29 20:23:34,907 [Worker-36: Enabling Maven Dependency Management] INFO  o.e.m.j.i.AbstractJavaProjectConfigurator - Adding source folder /PersonalBudgetDomain/src
2022-09-29 20:23:34,907 [Worker-36: Enabling Maven Dependency Management] INFO  o.e.m.j.i.AbstractJavaProjectConfigurator - Not adding source folder /PersonalBudgetDomain/src/test/java because it overlaps with /PersonalBudgetDomain/src
2022-09-29 20:23:35,046 [Worker-36: Enabling Maven Dependency Management] INFO  o.e.m.c.i.p.ProjectConfigurationManager - Update started
2022-09-29 20:23:35,099 [Worker-36: Enabling Maven Dependency Management] INFO  o.e.m.c.i.l.LifecycleMappingFactory - Using org.eclipse.m2e.jdt.JarLifecycleMapping lifecycle mapping for MavenProject: com.mipresupuesto.personalbudget:PersonalBudgetDomain:0.0.1-SNAPSHOT @ C:\Users\zebax\Documents\java\Workspace Java19\PersonalBudgetDomain\pom.xml.
2022-09-29 20:23:35,156 [Worker-36: Enabling Maven Dependency Management] INFO  o.e.m.j.i.AbstractJavaProjectConfigurator - Adding source folder /PersonalBudgetDomain/src
2022-09-29 20:23:35,156 [Worker-36: Enabling Maven Dependency Management] INFO  o.e.m.j.i.AbstractJavaProjectConfigurator - Not adding source folder /PersonalBudgetDomain/src/test/java because it overlaps with /PersonalBudgetDomain/src
2022-09-29 20:23:35,239 [Worker-36: Enabling Maven Dependency Management] INFO  o.e.m.c.i.p.ProjectConfigurationManager - Update completed: 0 sec
2022-09-29 20:23:35,390 [Worker-28: Building] WARN  o.e.m.c.i.embedder.EclipseLogger - Using platform encoding (Cp1252 actually) to copy filtered resources, i.e. build is platform dependent!
2022-09-29 20:23:35,391 [Worker-28: Building] INFO  o.e.m.c.i.embedder.EclipseLogger - skip non existing resourceDirectory C:\Users\zebax\Documents\java\Workspace Java19\PersonalBudgetDomain\src\main\resources
2022-09-29 20:23:35,392 [Worker-28: Building] WARN  o.e.m.c.i.embedder.EclipseLogger - Using platform encoding (Cp1252 actually) to copy filtered resources, i.e. build is platform dependent!
2022-09-29 20:23:35,393 [Worker-28: Building] INFO  o.e.m.c.i.embedder.EclipseLogger - skip non existing resourceDirectory C:\Users\zebax\Documents\java\Workspace Java19\PersonalBudgetDomain\src\test\resources
2022-09-29 20:25:30,769 [Worker-28: Building] INFO  o.e.m.c.i.l.LifecycleMappingFactory - Using org.eclipse.m2e.jdt.JarLifecycleMapping lifecycle mapping for MavenProject: com.mipresupuesto.personalbudget:PersonalBudgetDomain:0.0.1-SNAPSHOT @ C:\Users\zebax\Documents\java\Workspace Java19\PersonalBudgetDomain\pom.xml.
2022-09-29 20:25:30,794 [Worker-28: Building] WARN  o.e.m.c.i.embedder.EclipseLogger - Using platform encoding (Cp1252 actually) to copy filtered resources, i.e. build is platform dependent!
2022-09-29 20:25:30,795 [Worker-28: Building] INFO  o.e.m.c.i.embedder.EclipseLogger - skip non existing resourceDirectory C:\Users\zebax\Documents\java\Workspace Java19\PersonalBudgetDomain\src\main\resources
2022-09-29 20:25:30,797 [Worker-28: Building] WARN  o.e.m.c.i.embedder.EclipseLogger - Using platform encoding (Cp1252 actually) to copy filtered resources, i.e. build is platform dependent!
2022-09-29 20:25:30,797 [Worker-28: Building] INFO  o.e.m.c.i.embedder.EclipseLogger - skip non existing resourceDirectory C:\Users\zebax\Documents\java\Workspace Java19\PersonalBudgetDomain\src\test\resources
2022-09-29 20:25:48,303 [Worker-28: Building] INFO  o.e.m.c.i.l.LifecycleMappingFactory - Using org.eclipse.m2e.jdt.JarLifecycleMapping lifecycle mapping for MavenProject: com.mipresupuesto.personalbudget:PersonalBudgetApplication:0.0.1-SNAPSHOT @ C:\Users\zebax\Documents\java\Workspace Java19\PersonalBudgetApplication\pom.xml.
2022-09-29 20:25:48,326 [Worker-28: Building] WARN  o.e.m.c.i.embedder.EclipseLogger - Using platform encoding (Cp1252 actually) to copy filtered resources, i.e. build is platform dependent!
2022-09-29 20:25:48,327 [Worker-28: Building] INFO  o.e.m.c.i.embedder.EclipseLogger - skip non existing resourceDirectory C:\Users\zebax\Documents\java\Workspace Java19\PersonalBudgetApplication\src\main\resources
2022-09-29 20:25:48,329 [Worker-28: Building] WARN  o.e.m.c.i.embedder.EclipseLogger - Using platform encoding (Cp1252 actually) to copy filtered resources, i.e. build is platform dependent!
2022-09-29 20:25:48,330 [Worker-28: Building] INFO  o.e.m.c.i.embedder.EclipseLogger - skip non existing resourceDirectory C:\Users\zebax\Documents\java\Workspace Java19\PersonalBudgetApplication\src\test\resources
2022-09-29 20:28:32,239 [Worker-44: Building] INFO  o.e.m.c.i.l.LifecycleMappingFactory - Using org.eclipse.m2e.jdt.JarLifecycleMapping lifecycle mapping for MavenProject: com.mipresupuesto.personalbudget:PersonalBudgetApplication:0.0.1-SNAPSHOT @ C:\Users\zebax\Documents\java\Workspace Java19\PersonalBudgetApplication\pom.xml.
2022-09-29 20:28:32,257 [Worker-44: Building] WARN  o.e.m.c.i.embedder.EclipseLogger - Using platform encoding (Cp1252 actually) to copy filtered resources, i.e. build is platform dependent!
2022-09-29 20:28:32,258 [Worker-44: Building] INFO  o.e.m.c.i.embedder.EclipseLogger - skip non existing resourceDirectory C:\Users\zebax\Documents\java\Workspace Java19\PersonalBudgetApplication\src\main\resources
2022-09-29 20:28:32,261 [Worker-44: Building] WARN  o.e.m.c.i.embedder.EclipseLogger - Using platform encoding (Cp1252 actually) to copy filtered resources, i.e. build is platform dependent!
2022-09-29 20:28:32,261 [Worker-44: Building] INFO  o.e.m.c.i.embedder.EclipseLogger - skip non existing resourceDirectory C:\Users\zebax\Documents\java\Workspace Java19\PersonalBudgetApplication\src\test\resources
2022-09-29 20:32:44,434 [Worker-47: Building] INFO  o.e.m.c.i.l.LifecycleMappingFactory - Using org.eclipse.m2e.jdt.JarLifecycleMapping lifecycle mapping for MavenProject: com.mipresupuesto.personalbudget:PersonalBudgetApplication:0.0.1-SNAPSHOT @ C:\Users\zebax\Documents\java\Workspace Java19\PersonalBudgetApplication\pom.xml.
2022-09-29 20:32:44,440 [Worker-47: Building] INFO  o.e.m.c.i.p.WorkspaceClassifierResolverManager - Resolving P/PersonalBudgetDomain: com.mipresupuesto.personalbudget:PersonalBudgetDomain:0.0.1-SNAPSHOT with classifier  to /PersonalBudgetDomain/target/classes
2022-09-29 20:32:44,472 [Worker-47: Building] WARN  o.e.m.c.i.embedder.EclipseLogger - Using platform encoding (Cp1252 actually) to copy filtered resources, i.e. build is platform dependent!
2022-09-29 20:32:44,474 [Worker-47: Building] INFO  o.e.m.c.i.embedder.EclipseLogger - skip non existing resourceDirectory C:\Users\zebax\Documents\java\Workspace Java19\PersonalBudgetApplication\src\main\resources
2022-09-29 20:32:44,476 [Worker-47: Building] WARN  o.e.m.c.i.embedder.EclipseLogger - Using platform encoding (Cp1252 actually) to copy filtered resources, i.e. build is platform dependent!
2022-09-29 20:32:44,477 [Worker-47: Building] INFO  o.e.m.c.i.embedder.EclipseLogger - skip non existing resourceDirectory C:\Users\zebax\Documents\java\Workspace Java19\PersonalBudgetApplication\src\test\resources
2022-09-29 20:32:45,625 [Worker-39: Building] WARN  o.e.m.c.i.embedder.EclipseLogger - Using platform encoding (Cp1252 actually) to copy filtered resources, i.e. build is platform dependent!
2022-09-29 20:32:45,625 [Worker-39: Building] INFO  o.e.m.c.i.embedder.EclipseLogger - skip non existing resourceDirectory C:\Users\zebax\Documents\java\Workspace Java19\PersonalBudgetApplication\src\main\resources
2022-09-29 20:32:45,627 [Worker-39: Building] WARN  o.e.m.c.i.embedder.EclipseLogger - Using platform encoding (Cp1252 actually) to copy filtered resources, i.e. build is platform dependent!
2022-09-29 20:32:45,628 [Worker-39: Building] INFO  o.e.m.c.i.embedder.EclipseLogger - skip non existing resourceDirectory C:\Users\zebax\Documents\java\Workspace Java19\PersonalBudgetApplication\src\test\resources
2022-09-29 20:33:36,463 [Worker-44: Building] INFO  o.e.m.c.i.l.LifecycleMappingFactory - Using org.eclipse.m2e.jdt.JarLifecycleMapping lifecycle mapping for MavenProject: com.mipresupuesto.personalbudget:PersonalBudgetApplication:0.0.1-SNAPSHOT @ C:\Users\zebax\Documents\java\Workspace Java19\PersonalBudgetApplication\pom.xml.
2022-09-29 20:33:36,467 [Worker-44: Building] INFO  o.e.m.c.i.p.WorkspaceClassifierResolverManager - Resolving P/PersonalBudgetDomain: com.mipresupuesto.personalbudget:PersonalBudgetDomain:0.0.1-SNAPSHOT with classifier  to /PersonalBudgetDomain/target/classes
2022-09-29 20:33:36,467 [Worker-44: Building] INFO  o.e.m.c.i.p.WorkspaceClassifierResolverManager - Resolving P/PersonalBudgetInfrastructure: com.mipresupuesto.personalbudget:PersonalBudgetInfrastructure:0.0.1-SNAPSHOT with classifier  to /PersonalBudgetInfrastructure/target/classes
2022-09-29 20:33:36,494 [Worker-44: Building] WARN  o.e.m.c.i.embedder.EclipseLogger - Using platform encoding (Cp1252 actually) to copy filtered resources, i.e. build is platform dependent!
2022-09-29 20:33:36,496 [Worker-44: Building] INFO  o.e.m.c.i.embedder.EclipseLogger - skip non existing resourceDirectory C:\Users\zebax\Documents\java\Workspace Java19\PersonalBudgetApplication\src\main\resources
2022-09-29 20:33:36,498 [Worker-44: Building] WARN  o.e.m.c.i.embedder.EclipseLogger - Using platform encoding (Cp1252 actually) to copy filtered resources, i.e. build is platform dependent!
2022-09-29 20:33:36,499 [Worker-44: Building] INFO  o.e.m.c.i.embedder.EclipseLogger - skip non existing resourceDirectory C:\Users\zebax\Documents\java\Workspace Java19\PersonalBudgetApplication\src\test\resources
2022-09-29 20:33:37,598 [Worker-47: Building] WARN  o.e.m.c.i.embedder.EclipseLogger - Using platform encoding (Cp1252 actually) to copy filtered resources, i.e. build is platform dependent!
2022-09-29 20:33:37,599 [Worker-47: Building] INFO  o.e.m.c.i.embedder.EclipseLogger - skip non existing resourceDirectory C:\Users\zebax\Documents\java\Workspace Java19\PersonalBudgetApplication\src\main\resources
2022-09-29 20:33:37,600 [Worker-47: Building] WARN  o.e.m.c.i.embedder.EclipseLogger - Using platform encoding (Cp1252 actually) to copy filtered resources, i.e. build is platform dependent!
2022-09-29 20:33:37,600 [Worker-47: Building] INFO  o.e.m.c.i.embedder.EclipseLogger - skip non existing resourceDirectory C:\Users\zebax\Documents\java\Workspace Java19\PersonalBudgetApplication\src\test\resources
2022-09-29 20:35:28,148 [Worker-50: Building] INFO  o.e.m.c.i.l.LifecycleMappingFactory - Using org.eclipse.m2e.jdt.JarLifecycleMapping lifecycle mapping for MavenProject: com.mipresupuesto.personalbudget:PersonalBudget_Api:0.0.1-SNAPSHOT @ C:\Users\zebax\Documents\java\Workspace Java19\PersonalBudget_Api\pom.xml.
2022-09-29 20:35:28,239 [Worker-50: Building] INFO  o.e.m.c.i.p.WorkspaceClassifierResolverManager - Resolving P/PersonalBudgetApplication: com.mipresupuesto.personalbudget:PersonalBudgetApplication:0.0.1-SNAPSHOT with classifier  to /PersonalBudgetApplication/target/classes
2022-09-29 20:35:28,240 [Worker-50: Building] INFO  o.e.m.c.i.p.WorkspaceClassifierResolverManager - Resolving P/PersonalBudgetDomain: com.mipresupuesto.personalbudget:PersonalBudgetDomain:0.0.1-SNAPSHOT with classifier  to /PersonalBudgetDomain/target/classes
2022-09-29 20:35:28,240 [Worker-50: Building] INFO  o.e.m.c.i.p.WorkspaceClassifierResolverManager - Resolving P/PersonalBudgetInfrastructure: com.mipresupuesto.personalbudget:PersonalBudgetInfrastructure:0.0.1-SNAPSHOT with classifier  to /PersonalBudgetInfrastructure/target/classes
2022-09-29 20:35:28,542 [Worker-50: Building] INFO  o.e.m.c.i.embedder.EclipseLogger - Using 'UTF-8' encoding to copy filtered resources.
2022-09-29 20:35:28,542 [Worker-50: Building] INFO  o.e.m.c.i.embedder.EclipseLogger - Using 'UTF-8' encoding to copy filtered properties files.
2022-09-29 20:35:28,545 [Worker-50: Building] INFO  o.e.m.c.i.embedder.EclipseLogger - Copying 0 resource
2022-09-29 20:35:28,547 [Worker-50: Building] INFO  o.e.m.c.i.embedder.EclipseLogger - Copying 0 resource
2022-09-29 20:35:28,550 [Worker-50: Building] INFO  o.e.m.c.i.embedder.EclipseLogger - Using 'UTF-8' encoding to copy filtered resources.
2022-09-29 20:35:28,552 [Worker-50: Building] INFO  o.e.m.c.i.embedder.EclipseLogger - Using 'UTF-8' encoding to copy filtered properties files.
2022-09-29 20:35:28,552 [Worker-50: Building] INFO  o.e.m.c.i.embedder.EclipseLogger - skip non existing resourceDirectory C:\Users\zebax\Documents\java\Workspace Java19\PersonalBudget_Api\src\test\resources
2022-09-29 20:35:29,924 [Worker-48: Building] INFO  o.e.m.c.i.embedder.EclipseLogger - Using 'UTF-8' encoding to copy filtered resources.
2022-09-29 20:35:29,924 [Worker-48: Building] INFO  o.e.m.c.i.embedder.EclipseLogger - Using 'UTF-8' encoding to copy filtered properties files.
2022-09-29 20:35:29,926 [Worker-48: Building] INFO  o.e.m.c.i.embedder.EclipseLogger - Copying 1 resource
2022-09-29 20:35:29,937 [Worker-48: Building] INFO  o.e.m.c.i.embedder.EclipseLogger - Copying 0 resource
2022-09-29 20:35:29,939 [Worker-48: Building] INFO  o.e.m.c.i.embedder.EclipseLogger - Using 'UTF-8' encoding to copy filtered resources.
2022-09-29 20:35:29,939 [Worker-48: Building] INFO  o.e.m.c.i.embedder.EclipseLogger - Using 'UTF-8' encoding to copy filtered properties files.
2022-09-29 20:35:29,939 [Worker-48: Building] INFO  o.e.m.c.i.embedder.EclipseLogger - skip non existing resourceDirectory C:\Users\zebax\Documents\java\Workspace Java19\PersonalBudget_Api\src\test\resources
2022-09-29 20:46:35,890 [Worker-56: Enabling Maven Dependency Management] INFO  o.e.m.c.i.l.LifecycleMappingFactory - Using org.eclipse.m2e.jdt.JarLifecycleMapping lifecycle mapping for MavenProject: com.mipresupuesto.personalbudget:PersonalBudgetCrosscutting:0.0.1-SNAPSHOT @ C:\Users\zebax\Documents\java\Workspace Java19\PersonalBudgetCrosscutting\pom.xml.
2022-09-29 20:46:36,073 [Worker-56: Enabling Maven Dependency Management] INFO  o.e.m.j.i.AbstractJavaProjectConfigurator - Adding source folder /PersonalBudgetCrosscutting/src
2022-09-29 20:46:36,073 [Worker-56: Enabling Maven Dependency Management] INFO  o.e.m.j.i.AbstractJavaProjectConfigurator - Not adding source folder /PersonalBudgetCrosscutting/src/test/java because it overlaps with /PersonalBudgetCrosscutting/src
2022-09-29 20:46:36,176 [Worker-56: Enabling Maven Dependency Management] INFO  o.e.m.c.i.p.ProjectConfigurationManager - Update started
2022-09-29 20:46:36,205 [Worker-56: Enabling Maven Dependency Management] INFO  o.e.m.c.i.l.LifecycleMappingFactory - Using org.eclipse.m2e.jdt.JarLifecycleMapping lifecycle mapping for MavenProject: com.mipresupuesto.personalbudget:PersonalBudgetCrosscutting:0.0.1-SNAPSHOT @ C:\Users\zebax\Documents\java\Workspace Java19\PersonalBudgetCrosscutting\pom.xml.
2022-09-29 20:46:36,238 [Worker-56: Enabling Maven Dependency Management] INFO  o.e.m.j.i.AbstractJavaProjectConfigurator - Adding source folder /PersonalBudgetCrosscutting/src
2022-09-29 20:46:36,239 [Worker-56: Enabling Maven Dependency Management] INFO  o.e.m.j.i.AbstractJavaProjectConfigurator - Not adding source folder /PersonalBudgetCrosscutting/src/test/java because it overlaps with /PersonalBudgetCrosscutting/src
2022-09-29 20:46:36,298 [Worker-56: Enabling Maven Dependency Management] INFO  o.e.m.c.i.p.ProjectConfigurationManager - Update completed: 0 sec
2022-09-29 20:46:36,553 [Worker-54: Building] WARN  o.e.m.c.i.embedder.EclipseLogger - Using platform encoding (Cp1252 actually) to copy filtered resources, i.e. build is platform dependent!
2022-09-29 20:46:36,555 [Worker-54: Building] INFO  o.e.m.c.i.embedder.EclipseLogger - skip non existing resourceDirectory C:\Users\zebax\Documents\java\Workspace Java19\PersonalBudgetCrosscutting\src\main\resources
2022-09-29 20:46:36,558 [Worker-54: Building] WARN  o.e.m.c.i.embedder.EclipseLogger - Using platform encoding (Cp1252 actually) to copy filtered resources, i.e. build is platform dependent!
2022-09-29 20:46:36,559 [Worker-54: Building] INFO  o.e.m.c.i.embedder.EclipseLogger - skip non existing resourceDirectory C:\Users\zebax\Documents\java\Workspace Java19\PersonalBudgetCrosscutting\src\test\resources
2022-09-29 20:47:35,112 [Worker-57: Building] INFO  o.e.m.c.i.l.LifecycleMappingFactory - Using org.eclipse.m2e.jdt.JarLifecycleMapping lifecycle mapping for MavenProject: com.mipresupuesto.personalbudget:PersonalBudget_Api:0.0.1-SNAPSHOT @ C:\Users\zebax\Documents\java\Workspace Java19\PersonalBudget_Api\pom.xml.
2022-09-29 20:47:35,214 [Worker-57: Building] INFO  o.e.m.c.i.p.WorkspaceClassifierResolverManager - Resolving P/PersonalBudgetApplication: com.mipresupuesto.personalbudget:PersonalBudgetApplication:0.0.1-SNAPSHOT with classifier  to /PersonalBudgetApplication/target/classes
2022-09-29 20:47:35,214 [Worker-57: Building] INFO  o.e.m.c.i.p.WorkspaceClassifierResolverManager - Resolving P/PersonalBudgetDomain: com.mipresupuesto.personalbudget:PersonalBudgetDomain:0.0.1-SNAPSHOT with classifier  to /PersonalBudgetDomain/target/classes
2022-09-29 20:47:35,214 [Worker-57: Building] INFO  o.e.m.c.i.p.WorkspaceClassifierResolverManager - Resolving P/PersonalBudgetInfrastructure: com.mipresupuesto.personalbudget:PersonalBudgetInfrastructure:0.0.1-SNAPSHOT with classifier  to /PersonalBudgetInfrastructure/target/classes
2022-09-29 20:47:35,214 [Worker-57: Building] INFO  o.e.m.c.i.p.WorkspaceClassifierResolverManager - Resolving P/PersonalBudgetCrosscutting: com.mipresupuesto.personalbudget:PersonalBudgetCrosscutting:0.0.1-SNAPSHOT with classifier  to /PersonalBudgetCrosscutting/target/classes
2022-09-29 20:47:35,491 [Worker-57: Building] INFO  o.e.m.c.i.embedder.EclipseLogger - Using 'UTF-8' encoding to copy filtered resources.
2022-09-29 20:47:35,491 [Worker-57: Building] INFO  o.e.m.c.i.embedder.EclipseLogger - Using 'UTF-8' encoding to copy filtered properties files.
2022-09-29 20:47:35,494 [Worker-57: Building] INFO  o.e.m.c.i.embedder.EclipseLogger - Copying 0 resource
2022-09-29 20:47:35,494 [Worker-57: Building] INFO  o.e.m.c.i.embedder.EclipseLogger - Copying 0 resource
2022-09-29 20:47:35,498 [Worker-57: Building] INFO  o.e.m.c.i.embedder.EclipseLogger - Using 'UTF-8' encoding to copy filtered resources.
2022-09-29 20:47:35,498 [Worker-57: Building] INFO  o.e.m.c.i.embedder.EclipseLogger - Using 'UTF-8' encoding to copy filtered properties files.
2022-09-29 20:47:35,498 [Worker-57: Building] INFO  o.e.m.c.i.embedder.EclipseLogger - skip non existing resourceDirectory C:\Users\zebax\Documents\java\Workspace Java19\PersonalBudget_Api\src\test\resources
2022-09-29 20:47:36,840 [Worker-55: Building] INFO  o.e.m.c.i.embedder.EclipseLogger - Using 'UTF-8' encoding to copy filtered resources.
2022-09-29 20:47:36,840 [Worker-55: Building] INFO  o.e.m.c.i.embedder.EclipseLogger - Using 'UTF-8' encoding to copy filtered properties files.
2022-09-29 20:47:36,841 [Worker-55: Building] INFO  o.e.m.c.i.embedder.EclipseLogger - Copying 1 resource
2022-09-29 20:47:36,853 [Worker-55: Building] INFO  o.e.m.c.i.embedder.EclipseLogger - Copying 0 resource
2022-09-29 20:47:36,854 [Worker-55: Building] INFO  o.e.m.c.i.embedder.EclipseLogger - Using 'UTF-8' encoding to copy filtered resources.
2022-09-29 20:47:36,855 [Worker-55: Building] INFO  o.e.m.c.i.embedder.EclipseLogger - Using 'UTF-8' encoding to copy filtered properties files.
2022-09-29 20:47:36,855 [Worker-55: Building] INFO  o.e.m.c.i.embedder.EclipseLogger - skip non existing resourceDirectory C:\Users\zebax\Documents\java\Workspace Java19\PersonalBudget_Api\src\test\resources
2022-09-29 20:48:07,046 [Worker-58: Building] INFO  o.e.m.c.i.l.LifecycleMappingFactory - Using org.eclipse.m2e.jdt.JarLifecycleMapping lifecycle mapping for MavenProject: com.mipresupuesto.personalbudget:PersonalBudgetApplication:0.0.1-SNAPSHOT @ C:\Users\zebax\Documents\java\Workspace Java19\PersonalBudgetApplication\pom.xml.
2022-09-29 20:48:07,049 [Worker-58: Building] INFO  o.e.m.c.i.p.WorkspaceClassifierResolverManager - Resolving P/PersonalBudgetDomain: com.mipresupuesto.personalbudget:PersonalBudgetDomain:0.0.1-SNAPSHOT with classifier  to /PersonalBudgetDomain/target/classes
2022-09-29 20:48:07,049 [Worker-58: Building] INFO  o.e.m.c.i.p.WorkspaceClassifierResolverManager - Resolving P/PersonalBudgetInfrastructure: com.mipresupuesto.personalbudget:PersonalBudgetInfrastructure:0.0.1-SNAPSHOT with classifier  to /PersonalBudgetInfrastructure/target/classes
2022-09-29 20:48:07,049 [Worker-58: Building] INFO  o.e.m.c.i.p.WorkspaceClassifierResolverManager - Resolving P/PersonalBudgetCrosscutting: com.mipresupuesto.personalbudget:PersonalBudgetCrosscutting:0.0.1-SNAPSHOT with classifier  to /PersonalBudgetCrosscutting/target/classes
2022-09-29 20:48:07,170 [Worker-58: Building] INFO  o.e.m.c.i.l.LifecycleMappingFactory - Using org.eclipse.m2e.jdt.JarLifecycleMapping lifecycle mapping for MavenProject: com.mipresupuesto.personalbudget:PersonalBudget_Api:0.0.1-SNAPSHOT @ C:\Users\zebax\Documents\java\Workspace Java19\PersonalBudget_Api\pom.xml.
2022-09-29 20:48:07,235 [Worker-58: Building] INFO  o.e.m.c.i.p.WorkspaceClassifierResolverManager - Resolving P/PersonalBudgetApplication: com.mipresupuesto.personalbudget:PersonalBudgetApplication:0.0.1-SNAPSHOT with classifier  to /PersonalBudgetApplication/target/classes
2022-09-29 20:48:07,236 [Worker-58: Building] INFO  o.e.m.c.i.p.WorkspaceClassifierResolverManager - Resolving P/PersonalBudgetDomain: com.mipresupuesto.personalbudget:PersonalBudgetDomain:0.0.1-SNAPSHOT with classifier  to /PersonalBudgetDomain/target/classes
2022-09-29 20:48:07,236 [Worker-58: Building] INFO  o.e.m.c.i.p.WorkspaceClassifierResolverManager - Resolving P/PersonalBudgetInfrastructure: com.mipresupuesto.personalbudget:PersonalBudgetInfrastructure:0.0.1-SNAPSHOT with classifier  to /PersonalBudgetInfrastructure/target/classes
2022-09-29 20:48:07,236 [Worker-58: Building] INFO  o.e.m.c.i.p.WorkspaceClassifierResolverManager - Resolving P/PersonalBudgetCrosscutting: com.mipresupuesto.personalbudget:PersonalBudgetCrosscutting:0.0.1-SNAPSHOT with classifier  to /PersonalBudgetCrosscutting/target/classes
2022-09-29 20:48:07,370 [Worker-58: Building] WARN  o.e.m.c.i.embedder.EclipseLogger - Using platform encoding (Cp1252 actually) to copy filtered resources, i.e. build is platform dependent!
2022-09-29 20:48:07,372 [Worker-58: Building] INFO  o.e.m.c.i.embedder.EclipseLogger - skip non existing resourceDirectory C:\Users\zebax\Documents\java\Workspace Java19\PersonalBudgetApplication\src\main\resources
2022-09-29 20:48:07,374 [Worker-58: Building] WARN  o.e.m.c.i.embedder.EclipseLogger - Using platform encoding (Cp1252 actually) to copy filtered resources, i.e. build is platform dependent!
2022-09-29 20:48:07,374 [Worker-58: Building] INFO  o.e.m.c.i.embedder.EclipseLogger - skip non existing resourceDirectory C:\Users\zebax\Documents\java\Workspace Java19\PersonalBudgetApplication\src\test\resources
2022-09-29 20:48:07,403 [Worker-58: Building] INFO  o.e.m.c.i.embedder.EclipseLogger - Using 'UTF-8' encoding to copy filtered resources.
2022-09-29 20:48:07,403 [Worker-58: Building] INFO  o.e.m.c.i.embedder.EclipseLogger - Using 'UTF-8' encoding to copy filtered properties files.
2022-09-29 20:48:07,403 [Worker-58: Building] INFO  o.e.m.c.i.embedder.EclipseLogger - Copying 0 resource
2022-09-29 20:48:07,403 [Worker-58: Building] INFO  o.e.m.c.i.embedder.EclipseLogger - Copying 0 resource
2022-09-29 20:48:07,405 [Worker-58: Building] INFO  o.e.m.c.i.embedder.EclipseLogger - Using 'UTF-8' encoding to copy filtered resources.
2022-09-29 20:48:07,405 [Worker-58: Building] INFO  o.e.m.c.i.embedder.EclipseLogger - Using 'UTF-8' encoding to copy filtered properties files.
2022-09-29 20:48:07,405 [Worker-58: Building] INFO  o.e.m.c.i.embedder.EclipseLogger - skip non existing resourceDirectory C:\Users\zebax\Documents\java\Workspace Java19\PersonalBudget_Api\src\test\resources
2022-09-29 20:48:08,473 [Worker-58: Building] WARN  o.e.m.c.i.embedder.EclipseLogger - Using platform encoding (Cp1252 actually) to copy filtered resources, i.e. build is platform dependent!
2022-09-29 20:48:08,473 [Worker-58: Building] INFO  o.e.m.c.i.embedder.EclipseLogger - skip non existing resourceDirectory C:\Users\zebax\Documents\java\Workspace Java19\PersonalBudgetApplication\src\main\resources
2022-09-29 20:48:08,475 [Worker-58: Building] WARN  o.e.m.c.i.embedder.EclipseLogger - Using platform encoding (Cp1252 actually) to copy filtered resources, i.e. build is platform dependent!
2022-09-29 20:48:08,475 [Worker-58: Building] INFO  o.e.m.c.i.embedder.EclipseLogger - skip non existing resourceDirectory C:\Users\zebax\Documents\java\Workspace Java19\PersonalBudgetApplication\src\test\resources
2022-09-29 20:48:49,763 [Worker-58: Building] INFO  o.e.m.c.i.l.LifecycleMappingFactory - Using org.eclipse.m2e.jdt.JarLifecycleMapping lifecycle mapping for MavenProject: com.mipresupuesto.personalbudget:PersonalBudgetDomain:0.0.1-SNAPSHOT @ C:\Users\zebax\Documents\java\Workspace Java19\PersonalBudgetDomain\pom.xml.
2022-09-29 20:48:49,765 [Worker-58: Building] INFO  o.e.m.c.i.p.WorkspaceClassifierResolverManager - Resolving P/PersonalBudgetCrosscutting: com.mipresupuesto.personalbudget:PersonalBudgetCrosscutting:0.0.1-SNAPSHOT with classifier  to /PersonalBudgetCrosscutting/target/classes
2022-09-29 20:48:49,792 [Worker-58: Building] INFO  o.e.m.c.i.l.LifecycleMappingFactory - Using org.eclipse.m2e.jdt.JarLifecycleMapping lifecycle mapping for MavenProject: com.mipresupuesto.personalbudget:PersonalBudgetApplication:0.0.1-SNAPSHOT @ C:\Users\zebax\Documents\java\Workspace Java19\PersonalBudgetApplication\pom.xml.
2022-09-29 20:48:49,797 [Worker-58: Building] INFO  o.e.m.c.i.p.WorkspaceClassifierResolverManager - Resolving P/PersonalBudgetDomain: com.mipresupuesto.personalbudget:PersonalBudgetDomain:0.0.1-SNAPSHOT with classifier  to /PersonalBudgetDomain/target/classes
2022-09-29 20:48:49,797 [Worker-58: Building] INFO  o.e.m.c.i.p.WorkspaceClassifierResolverManager - Resolving P/PersonalBudgetInfrastructure: com.mipresupuesto.personalbudget:PersonalBudgetInfrastructure:0.0.1-SNAPSHOT with classifier  to /PersonalBudgetInfrastructure/target/classes
2022-09-29 20:48:49,797 [Worker-58: Building] INFO  o.e.m.c.i.p.WorkspaceClassifierResolverManager - Resolving P/PersonalBudgetCrosscutting: com.mipresupuesto.personalbudget:PersonalBudgetCrosscutting:0.0.1-SNAPSHOT with classifier  to /PersonalBudgetCrosscutting/target/classes
2022-09-29 20:48:49,930 [Worker-58: Building] INFO  o.e.m.c.i.l.LifecycleMappingFactory - Using org.eclipse.m2e.jdt.JarLifecycleMapping lifecycle mapping for MavenProject: com.mipresupuesto.personalbudget:PersonalBudget_Api:0.0.1-SNAPSHOT @ C:\Users\zebax\Documents\java\Workspace Java19\PersonalBudget_Api\pom.xml.
2022-09-29 20:48:49,994 [Worker-58: Building] INFO  o.e.m.c.i.p.WorkspaceClassifierResolverManager - Resolving P/PersonalBudgetApplication: com.mipresupuesto.personalbudget:PersonalBudgetApplication:0.0.1-SNAPSHOT with classifier  to /PersonalBudgetApplication/target/classes
2022-09-29 20:48:49,994 [Worker-58: Building] INFO  o.e.m.c.i.p.WorkspaceClassifierResolverManager - Resolving P/PersonalBudgetDomain: com.mipresupuesto.personalbudget:PersonalBudgetDomain:0.0.1-SNAPSHOT with classifier  to /PersonalBudgetDomain/target/classes
2022-09-29 20:48:49,995 [Worker-58: Building] INFO  o.e.m.c.i.p.WorkspaceClassifierResolverManager - Resolving P/PersonalBudgetInfrastructure: com.mipresupuesto.personalbudget:PersonalBudgetInfrastructure:0.0.1-SNAPSHOT with classifier  to /PersonalBudgetInfrastructure/target/classes
2022-09-29 20:48:49,995 [Worker-58: Building] INFO  o.e.m.c.i.p.WorkspaceClassifierResolverManager - Resolving P/PersonalBudgetCrosscutting: com.mipresupuesto.personalbudget:PersonalBudgetCrosscutting:0.0.1-SNAPSHOT with classifier  to /PersonalBudgetCrosscutting/target/classes
2022-09-29 20:48:50,143 [Worker-58: Building] WARN  o.e.m.c.i.embedder.EclipseLogger - Using platform encoding (Cp1252 actually) to copy filtered resources, i.e. build is platform dependent!
2022-09-29 20:48:50,144 [Worker-58: Building] INFO  o.e.m.c.i.embedder.EclipseLogger - skip non existing resourceDirectory C:\Users\zebax\Documents\java\Workspace Java19\PersonalBudgetDomain\src\main\resources
2022-09-29 20:48:50,147 [Worker-58: Building] WARN  o.e.m.c.i.embedder.EclipseLogger - Using platform encoding (Cp1252 actually) to copy filtered resources, i.e. build is platform dependent!
2022-09-29 20:48:50,148 [Worker-58: Building] INFO  o.e.m.c.i.embedder.EclipseLogger - skip non existing resourceDirectory C:\Users\zebax\Documents\java\Workspace Java19\PersonalBudgetDomain\src\test\resources
2022-09-29 20:48:50,171 [Worker-58: Building] WARN  o.e.m.c.i.embedder.EclipseLogger - Using platform encoding (Cp1252 actually) to copy filtered resources, i.e. build is platform dependent!
2022-09-29 20:48:50,172 [Worker-58: Building] INFO  o.e.m.c.i.embedder.EclipseLogger - skip non existing resourceDirectory C:\Users\zebax\Documents\java\Workspace Java19\PersonalBudgetApplication\src\main\resources
2022-09-29 20:48:50,174 [Worker-58: Building] WARN  o.e.m.c.i.embedder.EclipseLogger - Using platform encoding (Cp1252 actually) to copy filtered resources, i.e. build is platform dependent!
2022-09-29 20:48:50,176 [Worker-58: Building] INFO  o.e.m.c.i.embedder.EclipseLogger - skip non existing resourceDirectory C:\Users\zebax\Documents\java\Workspace Java19\PersonalBudgetApplication\src\test\resources
2022-09-29 20:48:50,192 [Worker-58: Building] INFO  o.e.m.c.i.embedder.EclipseLogger - Using 'UTF-8' encoding to copy filtered resources.
2022-09-29 20:48:50,192 [Worker-58: Building] INFO  o.e.m.c.i.embedder.EclipseLogger - Using 'UTF-8' encoding to copy filtered properties files.
2022-09-29 20:48:50,193 [Worker-58: Building] INFO  o.e.m.c.i.embedder.EclipseLogger - Copying 0 resource
2022-09-29 20:48:50,193 [Worker-58: Building] INFO  o.e.m.c.i.embedder.EclipseLogger - Copying 0 resource
2022-09-29 20:48:50,195 [Worker-58: Building] INFO  o.e.m.c.i.embedder.EclipseLogger - Using 'UTF-8' encoding to copy filtered resources.
2022-09-29 20:48:50,195 [Worker-58: Building] INFO  o.e.m.c.i.embedder.EclipseLogger - Using 'UTF-8' encoding to copy filtered properties files.
2022-09-29 20:48:50,197 [Worker-58: Building] INFO  o.e.m.c.i.embedder.EclipseLogger - skip non existing resourceDirectory C:\Users\zebax\Documents\java\Workspace Java19\PersonalBudget_Api\src\test\resources
2022-09-29 20:48:51,227 [Worker-52: Building] WARN  o.e.m.c.i.embedder.EclipseLogger - Using platform encoding (Cp1252 actually) to copy filtered resources, i.e. build is platform dependent!
2022-09-29 20:48:51,227 [Worker-52: Building] INFO  o.e.m.c.i.embedder.EclipseLogger - skip non existing resourceDirectory C:\Users\zebax\Documents\java\Workspace Java19\PersonalBudgetDomain\src\main\resources
2022-09-29 20:48:51,228 [Worker-52: Building] WARN  o.e.m.c.i.embedder.EclipseLogger - Using platform encoding (Cp1252 actually) to copy filtered resources, i.e. build is platform dependent!
2022-09-29 20:48:51,229 [Worker-52: Building] INFO  o.e.m.c.i.embedder.EclipseLogger - skip non existing resourceDirectory C:\Users\zebax\Documents\java\Workspace Java19\PersonalBudgetDomain\src\test\resources
2022-09-29 20:49:29,786 [Worker-56: Building] INFO  o.e.m.c.i.l.LifecycleMappingFactory - Using org.eclipse.m2e.jdt.JarLifecycleMapping lifecycle mapping for MavenProject: com.mipresupuesto.personalbudget:PersonalBudgetInfrastructure:0.0.1-SNAPSHOT @ C:\Users\zebax\Documents\java\Workspace Java19\PersonalBudgetInfrastructure\pom.xml.
2022-09-29 20:49:29,788 [Worker-56: Building] INFO  o.e.m.c.i.p.WorkspaceClassifierResolverManager - Resolving P/PersonalBudgetCrosscutting: com.mipresupuesto.personalbudget:PersonalBudgetCrosscutting:0.0.1-SNAPSHOT with classifier  to /PersonalBudgetCrosscutting/target/classes
2022-09-29 20:49:29,812 [Worker-56: Building] INFO  o.e.m.c.i.l.LifecycleMappingFactory - Using org.eclipse.m2e.jdt.JarLifecycleMapping lifecycle mapping for MavenProject: com.mipresupuesto.personalbudget:PersonalBudgetApplication:0.0.1-SNAPSHOT @ C:\Users\zebax\Documents\java\Workspace Java19\PersonalBudgetApplication\pom.xml.
2022-09-29 20:49:29,813 [Worker-56: Building] INFO  o.e.m.c.i.p.WorkspaceClassifierResolverManager - Resolving P/PersonalBudgetDomain: com.mipresupuesto.personalbudget:PersonalBudgetDomain:0.0.1-SNAPSHOT with classifier  to /PersonalBudgetDomain/target/classes
2022-09-29 20:49:29,813 [Worker-56: Building] INFO  o.e.m.c.i.p.WorkspaceClassifierResolverManager - Resolving P/PersonalBudgetInfrastructure: com.mipresupuesto.personalbudget:PersonalBudgetInfrastructure:0.0.1-SNAPSHOT with classifier  to /PersonalBudgetInfrastructure/target/classes
2022-09-29 20:49:29,814 [Worker-56: Building] INFO  o.e.m.c.i.p.WorkspaceClassifierResolverManager - Resolving P/PersonalBudgetCrosscutting: com.mipresupuesto.personalbudget:PersonalBudgetCrosscutting:0.0.1-SNAPSHOT with classifier  to /PersonalBudgetCrosscutting/target/classes
2022-09-29 20:49:29,924 [Worker-56: Building] INFO  o.e.m.c.i.l.LifecycleMappingFactory - Using org.eclipse.m2e.jdt.JarLifecycleMapping lifecycle mapping for MavenProject: com.mipresupuesto.personalbudget:PersonalBudget_Api:0.0.1-SNAPSHOT @ C:\Users\zebax\Documents\java\Workspace Java19\PersonalBudget_Api\pom.xml.
2022-09-29 20:49:29,998 [Worker-56: Building] INFO  o.e.m.c.i.p.WorkspaceClassifierResolverManager - Resolving P/PersonalBudgetApplication: com.mipresupuesto.personalbudget:PersonalBudgetApplication:0.0.1-SNAPSHOT with classifier  to /PersonalBudgetApplication/target/classes
2022-09-29 20:49:29,998 [Worker-56: Building] INFO  o.e.m.c.i.p.WorkspaceClassifierResolverManager - Resolving P/PersonalBudgetDomain: com.mipresupuesto.personalbudget:PersonalBudgetDomain:0.0.1-SNAPSHOT with classifier  to /PersonalBudgetDomain/target/classes
2022-09-29 20:49:29,998 [Worker-56: Building] INFO  o.e.m.c.i.p.WorkspaceClassifierResolverManager - Resolving P/PersonalBudgetInfrastructure: com.mipresupuesto.personalbudget:PersonalBudgetInfrastructure:0.0.1-SNAPSHOT with classifier  to /PersonalBudgetInfrastructure/target/classes
2022-09-29 20:49:29,998 [Worker-56: Building] INFO  o.e.m.c.i.p.WorkspaceClassifierResolverManager - Resolving P/PersonalBudgetCrosscutting: com.mipresupuesto.personalbudget:PersonalBudgetCrosscutting:0.0.1-SNAPSHOT with classifier  to /PersonalBudgetCrosscutting/target/classes
2022-09-29 20:49:30,152 [Worker-56: Building] WARN  o.e.m.c.i.embedder.EclipseLogger - Using platform encoding (Cp1252 actually) to copy filtered resources, i.e. build is platform dependent!
2022-09-29 20:49:30,153 [Worker-56: Building] INFO  o.e.m.c.i.embedder.EclipseLogger - skip non existing resourceDirectory C:\Users\zebax\Documents\java\Workspace Java19\PersonalBudgetInfrastructure\src\main\resources
2022-09-29 20:49:30,155 [Worker-56: Building] WARN  o.e.m.c.i.embedder.EclipseLogger - Using platform encoding (Cp1252 actually) to copy filtered resources, i.e. build is platform dependent!
2022-09-29 20:49:30,156 [Worker-56: Building] INFO  o.e.m.c.i.embedder.EclipseLogger - skip non existing resourceDirectory C:\Users\zebax\Documents\java\Workspace Java19\PersonalBudgetInfrastructure\src\test\resources
2022-09-29 20:49:30,177 [Worker-56: Building] WARN  o.e.m.c.i.embedder.EclipseLogger - Using platform encoding (Cp1252 actually) to copy filtered resources, i.e. build is platform dependent!
2022-09-29 20:49:30,177 [Worker-56: Building] INFO  o.e.m.c.i.embedder.EclipseLogger - skip non existing resourceDirectory C:\Users\zebax\Documents\java\Workspace Java19\PersonalBudgetApplication\src\main\resources
2022-09-29 20:49:30,179 [Worker-56: Building] WARN  o.e.m.c.i.embedder.EclipseLogger - Using platform encoding (Cp1252 actually) to copy filtered resources, i.e. build is platform dependent!
2022-09-29 20:49:30,180 [Worker-56: Building] INFO  o.e.m.c.i.embedder.EclipseLogger - skip non existing resourceDirectory C:\Users\zebax\Documents\java\Workspace Java19\PersonalBudgetApplication\src\test\resources
2022-09-29 20:49:30,197 [Worker-56: Building] INFO  o.e.m.c.i.embedder.EclipseLogger - Using 'UTF-8' encoding to copy filtered resources.
2022-09-29 20:49:30,197 [Worker-56: Building] INFO  o.e.m.c.i.embedder.EclipseLogger - Using 'UTF-8' encoding to copy filtered properties files.
2022-09-29 20:49:30,197 [Worker-56: Building] INFO  o.e.m.c.i.embedder.EclipseLogger - Copying 0 resource
2022-09-29 20:49:30,197 [Worker-56: Building] INFO  o.e.m.c.i.embedder.EclipseLogger - Copying 0 resource
2022-09-29 20:49:30,200 [Worker-56: Building] INFO  o.e.m.c.i.embedder.EclipseLogger - Using 'UTF-8' encoding to copy filtered resources.
2022-09-29 20:49:30,200 [Worker-56: Building] INFO  o.e.m.c.i.embedder.EclipseLogger - Using 'UTF-8' encoding to copy filtered properties files.
2022-09-29 20:49:30,200 [Worker-56: Building] INFO  o.e.m.c.i.embedder.EclipseLogger - skip non existing resourceDirectory C:\Users\zebax\Documents\java\Workspace Java19\PersonalBudget_Api\src\test\resources
2022-09-29 20:49:31,250 [Worker-54: Building] WARN  o.e.m.c.i.embedder.EclipseLogger - Using platform encoding (Cp1252 actually) to copy filtered resources, i.e. build is platform dependent!
2022-09-29 20:49:31,250 [Worker-54: Building] INFO  o.e.m.c.i.embedder.EclipseLogger - skip non existing resourceDirectory C:\Users\zebax\Documents\java\Workspace Java19\PersonalBudgetInfrastructure\src\main\resources
2022-09-29 20:49:31,251 [Worker-54: Building] WARN  o.e.m.c.i.embedder.EclipseLogger - Using platform encoding (Cp1252 actually) to copy filtered resources, i.e. build is platform dependent!
2022-09-29 20:49:31,252 [Worker-54: Building] INFO  o.e.m.c.i.embedder.EclipseLogger - skip non existing resourceDirectory C:\Users\zebax\Documents\java\Workspace Java19\PersonalBudgetInfrastructure\src\test\resources
2022-09-29 20:54:04,202 [Worker-57: Launching PersonalBudget_Api - PersonalBudgetApiApplication] INFO  o.e.m.c.i.p.WorkspaceClassifierResolverManager - Resolving P/PersonalBudgetApplication: com.mipresupuesto.personalbudget:PersonalBudgetApplication:0.0.1-SNAPSHOT with classifier null to /PersonalBudgetApplication/target/classes
2022-09-29 20:54:04,203 [Worker-57: Launching PersonalBudget_Api - PersonalBudgetApiApplication] INFO  o.e.m.c.i.p.WorkspaceClassifierResolverManager - Resolving P/PersonalBudgetDomain: com.mipresupuesto.personalbudget:PersonalBudgetDomain:0.0.1-SNAPSHOT with classifier null to /PersonalBudgetDomain/target/classes
2022-09-29 20:54:04,203 [Worker-57: Launching PersonalBudget_Api - PersonalBudgetApiApplication] INFO  o.e.m.c.i.p.WorkspaceClassifierResolverManager - Resolving P/PersonalBudgetInfrastructure: com.mipresupuesto.personalbudget:PersonalBudgetInfrastructure:0.0.1-SNAPSHOT with classifier null to /PersonalBudgetInfrastructure/target/classes
2022-09-29 20:54:04,204 [Worker-57: Launching PersonalBudget_Api - PersonalBudgetApiApplication] INFO  o.e.m.c.i.p.WorkspaceClassifierResolverManager - Resolving P/PersonalBudgetCrosscutting: com.mipresupuesto.personalbudget:PersonalBudgetCrosscutting:0.0.1-SNAPSHOT with classifier null to /PersonalBudgetCrosscutting/target/classes
2022-09-29 20:54:04,285 [Worker-57: Launching PersonalBudget_Api - PersonalBudgetApiApplication] INFO  o.e.m.c.i.p.WorkspaceClassifierResolverManager - Resolving P/PersonalBudgetApplication: com.mipresupuesto.personalbudget:PersonalBudgetApplication:0.0.1-SNAPSHOT with classifier null to /PersonalBudgetApplication/target/classes
2022-09-29 20:54:04,285 [Worker-57: Launching PersonalBudget_Api - PersonalBudgetApiApplication] INFO  o.e.m.c.i.p.WorkspaceClassifierResolverManager - Resolving P/PersonalBudgetDomain: com.mipresupuesto.personalbudget:PersonalBudgetDomain:0.0.1-SNAPSHOT with classifier null to /PersonalBudgetDomain/target/classes
2022-09-29 20:54:04,285 [Worker-57: Launching PersonalBudget_Api - PersonalBudgetApiApplication] INFO  o.e.m.c.i.p.WorkspaceClassifierResolverManager - Resolving P/PersonalBudgetInfrastructure: com.mipresupuesto.personalbudget:PersonalBudgetInfrastructure:0.0.1-SNAPSHOT with classifier null to /PersonalBudgetInfrastructure/target/classes
2022-09-29 20:54:04,286 [Worker-57: Launching PersonalBudget_Api - PersonalBudgetApiApplication] INFO  o.e.m.c.i.p.WorkspaceClassifierResolverManager - Resolving P/PersonalBudgetCrosscutting: com.mipresupuesto.personalbudget:PersonalBudgetCrosscutting:0.0.1-SNAPSHOT with classifier null to /PersonalBudgetCrosscutting/target/classes
2022-09-29 20:54:04,355 [Worker-57: Launching PersonalBudget_Api - PersonalBudgetApiApplication] INFO  o.e.m.c.i.p.WorkspaceClassifierResolverManager - Resolving P/PersonalBudgetApplication: com.mipresupuesto.personalbudget:PersonalBudgetApplication:0.0.1-SNAPSHOT with classifier null to /PersonalBudgetApplication/target/classes
2022-09-29 20:54:04,356 [Worker-57: Launching PersonalBudget_Api - PersonalBudgetApiApplication] INFO  o.e.m.c.i.p.WorkspaceClassifierResolverManager - Resolving P/PersonalBudgetDomain: com.mipresupuesto.personalbudget:PersonalBudgetDomain:0.0.1-SNAPSHOT with classifier null to /PersonalBudgetDomain/target/classes
2022-09-29 20:54:04,356 [Worker-57: Launching PersonalBudget_Api - PersonalBudgetApiApplication] INFO  o.e.m.c.i.p.WorkspaceClassifierResolverManager - Resolving P/PersonalBudgetInfrastructure: com.mipresupuesto.personalbudget:PersonalBudgetInfrastructure:0.0.1-SNAPSHOT with classifier null to /PersonalBudgetInfrastructure/target/classes
2022-09-29 20:54:04,357 [Worker-57: Launching PersonalBudget_Api - PersonalBudgetApiApplication] INFO  o.e.m.c.i.p.WorkspaceClassifierResolverManager - Resolving P/PersonalBudgetCrosscutting: com.mipresupuesto.personalbudget:PersonalBudgetCrosscutting:0.0.1-SNAPSHOT with classifier null to /PersonalBudgetCrosscutting/target/classes
2022-09-29 21:14:41,760 [Worker-67: Building] WARN  o.e.m.c.i.embedder.EclipseLogger - Using platform encoding (Cp1252 actually) to copy filtered resources, i.e. build is platform dependent!
2022-09-29 21:14:41,761 [Worker-67: Building] INFO  o.e.m.c.i.embedder.EclipseLogger - skip non existing resourceDirectory C:\Users\zebax\Documents\java\Workspace Java19\PersonalBudgetApplication\src\main\resources
2022-09-29 21:14:41,762 [Worker-67: Building] WARN  o.e.m.c.i.embedder.EclipseLogger - Using platform encoding (Cp1252 actually) to copy filtered resources, i.e. build is platform dependent!
2022-09-29 21:14:41,763 [Worker-67: Building] INFO  o.e.m.c.i.embedder.EclipseLogger - skip non existing resourceDirectory C:\Users\zebax\Documents\java\Workspace Java19\PersonalBudgetApplication\src\test\resources
2022-09-29 21:14:44,384 [Worker-70: Building] WARN  o.e.m.c.i.embedder.EclipseLogger - Using platform encoding (Cp1252 actually) to copy filtered resources, i.e. build is platform dependent!
2022-09-29 21:14:44,385 [Worker-70: Building] INFO  o.e.m.c.i.embedder.EclipseLogger - skip non existing resourceDirectory C:\Users\zebax\Documents\java\Workspace Java19\PersonalBudgetCrosscutting\src\main\resources
2022-09-29 21:14:44,386 [Worker-70: Building] WARN  o.e.m.c.i.embedder.EclipseLogger - Using platform encoding (Cp1252 actually) to copy filtered resources, i.e. build is platform dependent!
2022-09-29 21:14:44,387 [Worker-70: Building] INFO  o.e.m.c.i.embedder.EclipseLogger - skip non existing resourceDirectory C:\Users\zebax\Documents\java\Workspace Java19\PersonalBudgetCrosscutting\src\test\resources
2022-09-29 21:14:44,392 [Worker-70: Building] WARN  o.e.m.c.i.embedder.EclipseLogger - Using platform encoding (Cp1252 actually) to copy filtered resources, i.e. build is platform dependent!
2022-09-29 21:14:44,393 [Worker-70: Building] INFO  o.e.m.c.i.embedder.EclipseLogger - skip non existing resourceDirectory C:\Users\zebax\Documents\java\Workspace Java19\PersonalBudgetDomain\src\main\resources
2022-09-29 21:14:44,396 [Worker-70: Building] WARN  o.e.m.c.i.embedder.EclipseLogger - Using platform encoding (Cp1252 actually) to copy filtered resources, i.e. build is platform dependent!
2022-09-29 21:14:44,397 [Worker-70: Building] INFO  o.e.m.c.i.embedder.EclipseLogger - skip non existing resourceDirectory C:\Users\zebax\Documents\java\Workspace Java19\PersonalBudgetDomain\src\test\resources
2022-09-29 21:14:44,401 [Worker-70: Building] WARN  o.e.m.c.i.embedder.EclipseLogger - Using platform encoding (Cp1252 actually) to copy filtered resources, i.e. build is platform dependent!
2022-09-29 21:14:44,401 [Worker-70: Building] INFO  o.e.m.c.i.embedder.EclipseLogger - skip non existing resourceDirectory C:\Users\zebax\Documents\java\Workspace Java19\PersonalBudgetInfrastructure\src\main\resources
2022-09-29 21:14:44,403 [Worker-70: Building] WARN  o.e.m.c.i.embedder.EclipseLogger - Using platform encoding (Cp1252 actually) to copy filtered resources, i.e. build is platform dependent!
2022-09-29 21:14:44,404 [Worker-70: Building] INFO  o.e.m.c.i.embedder.EclipseLogger - skip non existing resourceDirectory C:\Users\zebax\Documents\java\Workspace Java19\PersonalBudgetInfrastructure\src\test\resources
2022-09-29 21:14:44,408 [Worker-70: Building] WARN  o.e.m.c.i.embedder.EclipseLogger - Using platform encoding (Cp1252 actually) to copy filtered resources, i.e. build is platform dependent!
2022-09-29 21:14:44,410 [Worker-70: Building] INFO  o.e.m.c.i.embedder.EclipseLogger - skip non existing resourceDirectory C:\Users\zebax\Documents\java\Workspace Java19\PersonalBudgetApplication\src\main\resources
2022-09-29 21:14:44,412 [Worker-70: Building] WARN  o.e.m.c.i.embedder.EclipseLogger - Using platform encoding (Cp1252 actually) to copy filtered resources, i.e. build is platform dependent!
2022-09-29 21:14:44,412 [Worker-70: Building] INFO  o.e.m.c.i.embedder.EclipseLogger - skip non existing resourceDirectory C:\Users\zebax\Documents\java\Workspace Java19\PersonalBudgetApplication\src\test\resources
2022-09-29 21:14:44,423 [Worker-70: Building] INFO  o.e.m.c.i.embedder.EclipseLogger - Using 'UTF-8' encoding to copy filtered resources.
2022-09-29 21:14:44,423 [Worker-70: Building] INFO  o.e.m.c.i.embedder.EclipseLogger - Using 'UTF-8' encoding to copy filtered properties files.
2022-09-29 21:14:44,423 [Worker-70: Building] INFO  o.e.m.c.i.embedder.EclipseLogger - Copying 0 resource
2022-09-29 21:14:44,423 [Worker-70: Building] INFO  o.e.m.c.i.embedder.EclipseLogger - Copying 0 resource
2022-09-29 21:14:44,425 [Worker-70: Building] INFO  o.e.m.c.i.embedder.EclipseLogger - Using 'UTF-8' encoding to copy filtered resources.
2022-09-29 21:14:44,425 [Worker-70: Building] INFO  o.e.m.c.i.embedder.EclipseLogger - Using 'UTF-8' encoding to copy filtered properties files.
2022-09-29 21:14:44,425 [Worker-70: Building] INFO  o.e.m.c.i.embedder.EclipseLogger - skip non existing resourceDirectory C:\Users\zebax\Documents\java\Workspace Java19\PersonalBudget_Api\src\test\resources
2022-09-29 21:15:54,712 [Worker-70: Building] WARN  o.e.m.c.i.embedder.EclipseLogger - Using platform encoding (Cp1252 actually) to copy filtered resources, i.e. build is platform dependent!
2022-09-29 21:15:54,713 [Worker-70: Building] INFO  o.e.m.c.i.embedder.EclipseLogger - skip non existing resourceDirectory C:\Users\zebax\Documents\java\Workspace Java19\PersonalBudgetCrosscutting\src\main\resources
2022-09-29 21:15:54,715 [Worker-70: Building] WARN  o.e.m.c.i.embedder.EclipseLogger - Using platform encoding (Cp1252 actually) to copy filtered resources, i.e. build is platform dependent!
2022-09-29 21:15:54,716 [Worker-70: Building] INFO  o.e.m.c.i.embedder.EclipseLogger - skip non existing resourceDirectory C:\Users\zebax\Documents\java\Workspace Java19\PersonalBudgetCrosscutting\src\test\resources
2022-09-29 21:16:11,819 [Worker-73: Building] WARN  o.e.m.c.i.embedder.EclipseLogger - Using platform encoding (Cp1252 actually) to copy filtered resources, i.e. build is platform dependent!
2022-09-29 21:16:11,820 [Worker-73: Building] INFO  o.e.m.c.i.embedder.EclipseLogger - skip non existing resourceDirectory C:\Users\zebax\Documents\java\Workspace Java19\PersonalBudgetDomain\src\main\resources
2022-09-29 21:16:11,822 [Worker-73: Building] WARN  o.e.m.c.i.embedder.EclipseLogger - Using platform encoding (Cp1252 actually) to copy filtered resources, i.e. build is platform dependent!
2022-09-29 21:16:11,823 [Worker-73: Building] INFO  o.e.m.c.i.embedder.EclipseLogger - skip non existing resourceDirectory C:\Users\zebax\Documents\java\Workspace Java19\PersonalBudgetDomain\src\test\resources
2022-09-29 21:16:43,143 [Worker-68: Building] WARN  o.e.m.c.i.embedder.EclipseLogger - Using platform encoding (Cp1252 actually) to copy filtered resources, i.e. build is platform dependent!
2022-09-29 21:16:43,145 [Worker-68: Building] INFO  o.e.m.c.i.embedder.EclipseLogger - skip non existing resourceDirectory C:\Users\zebax\Documents\java\Workspace Java19\PersonalBudgetInfrastructure\src\main\resources
2022-09-29 21:16:43,149 [Worker-68: Building] WARN  o.e.m.c.i.embedder.EclipseLogger - Using platform encoding (Cp1252 actually) to copy filtered resources, i.e. build is platform dependent!
2022-09-29 21:16:43,150 [Worker-68: Building] INFO  o.e.m.c.i.embedder.EclipseLogger - skip non existing resourceDirectory C:\Users\zebax\Documents\java\Workspace Java19\PersonalBudgetInfrastructure\src\test\resources
